#
# A fatal error has been detected by the Java Runtime Environment:
#
#  EXCEPTION_ACCESS_VIOLATION (0xc0000005) at pc=0x00007ffb79924e1b, pid=51720, tid=22500
#
# JRE version: OpenJDK Runtime Environment (14.0.2+12) (build 14.0.2+12-46)
# Java VM: OpenJDK 64-Bit Server VM (14.0.2+12-46, mixed mode, tiered, compressed oops, g1 gc, windows-amd64)
# Problematic frame:
# V  [jvm.dll+0x674e1b]
#
# No core dump will be written. Minidumps are not enabled by default on client versions of Windows
#
# If you would like to submit a bug report, please visit:
#   https://bugreport.java.com/bugreport/crash.jsp
#

---------------  S U M M A R Y ------------

Command Line: -XX:+ShowCodeDetailsInExceptionMessages -agentlib:jdwp=transport=dt_socket,suspend=y,address=localhost:64214 -ea -Dfile.encoding=Cp1252 org.testng.remote.RemoteTestNG -serport 64213 -protocol json -d C:\Users\sowmiya\Desktop\Testing materials and assignments\PROJECT DETAILS AND VIDEOS\Team2_TaxExempt-master\Team2_TaxExempt-master\test-output C:\Users\sowmiya\Desktop\Testing materials and assignments\PROJECT DETAILS AND VIDEOS\Team2_TaxExempt-master\Team2_TaxExempt-master\config\Create_wishlist.xml

Host: Intel(R) Core(TM) i7-8550U CPU @ 1.80GHz, 8 cores, 15G,  Windows 10 , 64 bit Build 19041 (10.0.19041.662)
Time: Wed Jan 13 12:14:29 2021 Eastern Standard Time elapsed time: 2062 seconds (0d 0h 34m 22s)

---------------  T H R E A D  ---------------

Current thread (0x000001e72d698000):  JavaThread "JDWP Transport Listener: dt_socket" daemon [_thread_in_vm, id=22500, stack(0x000000436c400000,0x000000436c500000)] _threads_hazard_ptr=0x000001e72de939c0

Stack: [0x000000436c400000,0x000000436c500000],  sp=0x000000436c4fe7c0,  free space=1017k
Native frames: (J=compiled Java code, j=interpreted, Vv=VM code, C=native code)
V  [jvm.dll+0x674e1b]
V  [jvm.dll+0x2ef343]
V  [jvm.dll+0x2f1005]
V  [jvm.dll+0x2f18fe]
V  [jvm.dll+0x2ef19c]
V  [jvm.dll+0x2ee3d2]
V  [jvm.dll+0x5e7b55]
V  [jvm.dll+0x5e78dd]
V  [jvm.dll+0x5af8e3]
V  [jvm.dll+0x739aef]
V  [jvm.dll+0x4bee61]
V  [jvm.dll+0x74908b]
V  [jvm.dll+0x4a54ee]
V  [jvm.dll+0x46ee7b]
C  [jdwp.dll+0x751f]


siginfo: EXCEPTION_ACCESS_VIOLATION (0xc0000005), reading address 0xffffffffffffffff


Register to memory mapping:

RIP=0x00007ffb79924e1b jvm.dll
RAX=0x000000436c4fe850 is pointing into the stack for thread: 0x000001e72d698000
RBX=0x000000436c4fe820 is pointing into the stack for thread: 0x000001e72d698000
RCX=0x0 is NULL
RDX=0x00030000009101a7 is an unknown value
RSP=0x000000436c4fe7c0 is pointing into the stack for thread: 0x000001e72d698000
RBP=0x000000436c4fed60 is pointing into the stack for thread: 0x000001e72d698000
RSI=0x0 is NULL
RDI=0x00030000009101a7 is an unknown value
R8 =0x0 is NULL
R9 =0x000001e72f54e520 is pointing into metadata
R10=0x00007ffb792b0000 jvm.dll
R11=0x000001e72e3c1410 points into unknown readable memory: 00 00 00 47 01 00 00 47
R12=0x000001e72e3c13e0 points into unknown readable memory: 00 86 35 02 00 00 00 00
R13=0x0 is NULL
R14=0x000001e72f54eca8 is pointing into metadata
R15=0x0000000000000182 is an unknown value


Registers:
RAX=0x000000436c4fe850, RBX=0x000000436c4fe820, RCX=0x0000000000000000, RDX=0x00030000009101a7
RSP=0x000000436c4fe7c0, RBP=0x000000436c4fed60, RSI=0x0000000000000000, RDI=0x00030000009101a7
R8 =0x0000000000000000, R9 =0x000001e72f54e520, R10=0x00007ffb792b0000, R11=0x000001e72e3c1410
R12=0x000001e72e3c13e0, R13=0x0000000000000000, R14=0x000001e72f54eca8, R15=0x0000000000000182
RIP=0x00007ffb79924e1b, EFLAGS=0x0000000000010246

Top of Stack: (sp=0x000000436c4fe7c0)
0x000000436c4fe7c0:   0000000000000000 0000000000000000
0x000000436c4fe7d0:   0000000000000000 0000000000000000
0x000000436c4fe7e0:   0000000000000000 00007ffb7959f343
0x000000436c4fe7f0:   0000000000000000 000000436c4feed0
0x000000436c4fe800:   0000000000000000 0000000000000000
0x000000436c4fe810:   0000000000000000 0000000000000000
0x000000436c4fe820:   00007ffb79b05730 00030000009101a7
0x000000436c4fe830:   0000000000000000 0000000000000000
0x000000436c4fe840:   000000436c4fe850 0000000000000000
0x000000436c4fe850:   0000000000000000 0000000000000000
0x000000436c4fe860:   0000000000000000 0000000000000000
0x000000436c4fe870:   0000000000000000 0000000000000000
0x000000436c4fe880:   0000000000000000 0000000000000000
0x000000436c4fe890:   0000000000000000 0000000000000000
0x000000436c4fe8a0:   0000000000000000 0000000000000000
0x000000436c4fe8b0:   0000000000000000 0000000000000000 

Instructions: (pc=0x00007ffb79924e1b)
0x00007ffb79924d1b:   48 8b cb ff 50 30 ff 43 14 48 c1 ef 04 eb 86 48
0x00007ffb79924d2b:   8b 03 45 33 c0 33 d2 48 8b cb ff 50 48 ff 43 14
0x00007ffb79924d3b:   48 c1 ef 04 e9 6c ff ff ff 48 8b 03 48 8b cb ff
0x00007ffb79924d4b:   50 38 83 43 14 02 48 c1 ef 04 e9 56 ff ff ff 48
0x00007ffb79924d5b:   8b 03 48 8b cb ff 50 10 ff 43 14 48 c1 ef 04 e9
0x00007ffb79924d6b:   41 ff ff ff 48 8b 03 48 8b cb ff 50 18 83 43 14
0x00007ffb79924d7b:   02 48 c1 ef 04 e9 2b ff ff ff 48 8b 0d 14 3b 3e
0x00007ffb79924d8b:   00 48 8d 15 ed f4 22 00 e8 48 5d f8 ff 48 8b 0d
0x00007ffb79924d9b:   01 3b 3e 00 48 8d 15 f2 f4 22 00 4c 8b c6 e8 32
0x00007ffb79924dab:   5d f8 ff ba c2 00 00 00 48 8d 0d 76 f4 22 00 e8
0x00007ffb79924dbb:   91 83 b9 ff e8 2c 38 f8 ff 48 c1 ef 04 e9 e3 fe
0x00007ffb79924dcb:   ff ff 0f 1f 00 d1 4c 67 00 e2 4c 67 00 f4 4c 67
0x00007ffb79924ddb:   00 06 4d 67 00 18 4d 67 00 44 4d 67 00 5a 4d 67
0x00007ffb79924deb:   00 6f 4d 67 00 2a 4d 67 00 88 4c 67 00 cc cc cc
0x00007ffb79924dfb:   cc cc cc cc cc 40 53 48 83 ec 20 c7 41 10 00 00
0x00007ffb79924e0b:   00 00 48 8b d9 48 89 7c 24 38 48 8b 79 08 33 c9
0x00007ffb79924e1b:   80 7f 06 28 74 26 44 8d 49 28 8d 51 36 48 8d 0d
0x00007ffb79924e2b:   01 f4 22 00 4c 8d 05 ea f3 22 00 e8 95 81 b9 ff
0x00007ffb79924e3b:   e8 b0 37 f8 ff 8b 4b 10 48 8b 7b 08 8d 41 01 48
0x00007ffb79924e4b:   63 c9 89 43 10 80 7c 39 07 29 0f 84 d3 00 00 00
0x00007ffb79924e5b:   48 89 74 24 30 44 8b c0 48 8d 35 96 b1 98 ff 66
0x00007ffb79924e6b:   0f 1f 44 00 00 49 63 c8 0f be 54 39 06 83 c2 be
0x00007ffb79924e7b:   83 fa 19 77 7b 48 63 ca 0f b6 8c 0e dc 4f 67 00
0x00007ffb79924e8b:   8b 94 8e cc 4f 67 00 48 03 d6 ff e2 41 8d 40 01
0x00007ffb79924e9b:   89 43 10 eb 74 48 63 c8 ff c0 89 43 10 44 8b c0
0x00007ffb79924eab:   80 7c 39 06 3b 75 ee eb 63 0f 1f 40 00 0f 1f 84
0x00007ffb79924ebb:   00 00 00 00 00 ff c0 48 63 c8 89 43 10 0f b6 54
0x00007ffb79924ecb:   39 06 80 fa 5b 74 ee 80 fa 4c 75 1d 66 0f 1f 84
0x00007ffb79924edb:   00 00 00 00 00 48 63 c8 ff c0 89 43 10 44 8b c0
0x00007ffb79924eeb:   80 7c 39 06 3b 75 ee eb 23 ff c0 89 43 10 eb 19
0x00007ffb79924efb:   ba f1 00 00 00 48 8d 0d 29 f3 22 00 e8 44 82 b9
0x00007ffb79924f0b:   ff e8 df 36 f8 ff 8b 43 10 44 8b c0 49 63 c8 80 


Stack slot to memory mapping:
stack at sp + 0 slots: 0x0 is NULL
stack at sp + 1 slots: 0x0 is NULL
stack at sp + 2 slots: 0x0 is NULL
stack at sp + 3 slots: 0x0 is NULL
stack at sp + 4 slots: 0x0 is NULL
stack at sp + 5 slots: 0x00007ffb7959f343 jvm.dll
stack at sp + 6 slots: 0x0 is NULL
stack at sp + 7 slots: 0x000000436c4feed0 is pointing into the stack for thread: 0x000001e72d698000


---------------  P R O C E S S  ---------------

Threads class SMR info:
_java_thread_list=0x000001e72de939c0, length=18, elements={
0x000001e70d966800, 0x000001e72d4ac800, 0x000001e72d4ae800, 0x000001e72d4bb000,
0x000001e72d4ee800, 0x000001e72d4ef800, 0x000001e72d4f0800, 0x000001e72d4d8000,
0x000001e72d4fd000, 0x000001e72d698000, 0x000001e72d6ed000, 0x000001e72d699000,
0x000001e72d6fd800, 0x000001e72d712800, 0x000001e72dec5000, 0x000001e72e9b2800,
0x000001e72f306000, 0x000001e72f321800
}

Java Threads: ( => current thread )
  0x000001e70d966800 JavaThread "main" [_thread_blocked, id=63440, stack(0x000000436b500000,0x000000436b600000)]
  0x000001e72d4ac800 JavaThread "Reference Handler" daemon [_thread_blocked, id=3860, stack(0x000000436bc00000,0x000000436bd00000)]
  0x000001e72d4ae800 JavaThread "Finalizer" daemon [_thread_blocked, id=60772, stack(0x000000436bd00000,0x000000436be00000)]
  0x000001e72d4bb000 JavaThread "Signal Dispatcher" daemon [_thread_blocked, id=17476, stack(0x000000436be00000,0x000000436bf00000)]
  0x000001e72d4ee800 JavaThread "Attach Listener" daemon [_thread_blocked, id=36208, stack(0x000000436bf00000,0x000000436c000000)]
  0x000001e72d4ef800 JavaThread "Service Thread" daemon [_thread_blocked, id=49420, stack(0x000000436c000000,0x000000436c100000)]
  0x000001e72d4f0800 JavaThread "C2 CompilerThread0" daemon [_thread_blocked, id=20500, stack(0x000000436c100000,0x000000436c200000)]
  0x000001e72d4d8000 JavaThread "C1 CompilerThread0" daemon [_thread_blocked, id=38808, stack(0x000000436c200000,0x000000436c300000)]
  0x000001e72d4fd000 JavaThread "Sweeper thread" daemon [_thread_blocked, id=4892, stack(0x000000436c300000,0x000000436c400000)]
=>0x000001e72d698000 JavaThread "JDWP Transport Listener: dt_socket" daemon [_thread_in_vm, id=22500, stack(0x000000436c400000,0x000000436c500000)]
  0x000001e72d6ed000 JavaThread "JDWP Event Helper Thread" daemon [_thread_blocked, id=38408, stack(0x000000436c500000,0x000000436c600000)]
  0x000001e72d699000 JavaThread "JDWP Command Reader" daemon [_thread_in_native, id=62436, stack(0x000000436c600000,0x000000436c700000)]
  0x000001e72d6fd800 JavaThread "Notification Thread" daemon [_thread_blocked, id=39336, stack(0x000000436c700000,0x000000436c800000)]
  0x000001e72d712800 JavaThread "Common-Cleaner" daemon [_thread_blocked, id=39632, stack(0x000000436c900000,0x000000436ca00000)]
  0x000001e72dec5000 JavaThread "ReaderThread" [_thread_in_native, id=44532, stack(0x000000436cb00000,0x000000436cc00000)]
  0x000001e72e9b2800 JavaThread "Exec Default Executor" daemon [_thread_in_native, id=1676, stack(0x000000436d400000,0x000000436d500000)]
  0x000001e72f306000 JavaThread "Exec Stream Pumper" daemon [_thread_in_native, id=33424, stack(0x000000436cc00000,0x000000436cd00000)]
  0x000001e72f321800 JavaThread "Exec Stream Pumper" daemon [_thread_in_native, id=57092, stack(0x000000436d200000,0x000000436d300000)]

Other Threads:
  0x000001e72d499000 VMThread "VM Thread" [stack: 0x000000436bb00000,0x000000436bc00000] [id=12148]
  0x000001e72d700800 WatcherThread [stack: 0x000000436c800000,0x000000436c900000] [id=31260]
  0x000001e70d9cd000 GCTaskThread "GC Thread#0" [stack: 0x000000436b600000,0x000000436b700000] [id=21256]
  0x000001e72e214800 GCTaskThread "GC Thread#1" [stack: 0x000000436cd00000,0x000000436ce00000] [id=48880]
  0x000001e72e734000 GCTaskThread "GC Thread#2" [stack: 0x000000436ce00000,0x000000436cf00000] [id=38384]
  0x000001e72e601800 GCTaskThread "GC Thread#3" [stack: 0x000000436cf00000,0x000000436d000000] [id=35896]
  0x000001e72e654000 GCTaskThread "GC Thread#4" [stack: 0x000000436d000000,0x000000436d100000] [id=34380]
  0x000001e72e61c800 GCTaskThread "GC Thread#5" [stack: 0x000000436d100000,0x000000436d200000] [id=39468]
  0x000001e70d9f0000 ConcurrentGCThread "G1 Main Marker" [stack: 0x000000436b700000,0x000000436b800000] [id=60816]
  0x000001e70d9f1000 ConcurrentGCThread "G1 Conc#0" [stack: 0x000000436b800000,0x000000436b900000] [id=54884]
  0x000001e72f1fe800 ConcurrentGCThread "G1 Conc#1" [stack: 0x000000436d300000,0x000000436d400000] [id=60368]
  0x000001e72c454000 ConcurrentGCThread "G1 Refine#0" [stack: 0x000000436b900000,0x000000436ba00000] [id=34028]
  0x000001e72c457000 ConcurrentGCThread "G1 Young RemSet Sampling" [stack: 0x000000436ba00000,0x000000436bb00000] [id=48804]

Threads with active compile tasks:

VM state:not at safepoint (normal execution)

VM Mutex/Monitor currently owned by a thread: None

Heap address: 0x0000000702000000, size: 4064 MB, Compressed Oops mode: Zero based, Oop shift amount: 3
Narrow klass base: 0x0000000800000000, Narrow klass shift: 0
Compressed class space size: 1073741824 Address: 0x0000000800000000

Heap:
 garbage-first heap   total 40960K, used 27104K [0x0000000702000000, 0x0000000800000000)
  region size 1024K, 19 young (19456K), 3 survivors (3072K)
 Metaspace       used 29127K, capacity 29520K, committed 29824K, reserved 1075200K
  class space    used 3256K, capacity 3391K, committed 3456K, reserved 1048576K
Heap Regions: E=young(eden), S=young(survivor), O=old, HS=humongous(starts), HC=humongous(continues), CS=collection set, F=free, OA=open archive, CA=closed archive, TAMS=top-at-mark-start (previous, next)
|   0|0x0000000702000000, 0x0000000702100000, 0x0000000702100000|100%|HS|  |TAMS 0x0000000702100000, 0x0000000702000000| Complete 
|   1|0x0000000702100000, 0x0000000702200000, 0x0000000702200000|100%| O|  |TAMS 0x0000000702200000, 0x0000000702100000| Untracked 
|   2|0x0000000702200000, 0x0000000702300000, 0x0000000702300000|100%| O|  |TAMS 0x0000000702300000, 0x0000000702200000| Untracked 
|   3|0x0000000702300000, 0x0000000702400000, 0x0000000702400000|100%| O|  |TAMS 0x0000000702400000, 0x0000000702300000| Untracked 
|   4|0x0000000702400000, 0x0000000702500000, 0x0000000702500000|100%| O|  |TAMS 0x0000000702500000, 0x0000000702400000| Untracked 
|   5|0x0000000702500000, 0x0000000702600000, 0x0000000702600000|100%| O|  |TAMS 0x0000000702600000, 0x0000000702500000| Untracked 
|   6|0x0000000702600000, 0x000000070267da00, 0x0000000702700000| 49%| O|  |TAMS 0x000000070267da00, 0x0000000702600000| Untracked 
|   7|0x0000000702700000, 0x0000000702800000, 0x0000000702800000|100%| O|  |TAMS 0x0000000702700000, 0x0000000702700000| Untracked 
|   8|0x0000000702800000, 0x0000000702900000, 0x0000000702900000|100%| O|  |TAMS 0x0000000702800000, 0x0000000702800000| Untracked 
|   9|0x0000000702900000, 0x00000007029fa600, 0x0000000702a00000| 97%| O|  |TAMS 0x0000000702900000, 0x0000000702900000| Untracked 
|  10|0x0000000702a00000, 0x0000000702a00000, 0x0000000702b00000|  0%| F|  |TAMS 0x0000000702a00000, 0x0000000702a00000| Untracked 
|  11|0x0000000702b00000, 0x0000000702b00000, 0x0000000702c00000|  0%| F|  |TAMS 0x0000000702b00000, 0x0000000702b00000| Untracked 
|  12|0x0000000702c00000, 0x0000000702c00000, 0x0000000702d00000|  0%| F|  |TAMS 0x0000000702c00000, 0x0000000702c00000| Untracked 
|  13|0x0000000702d00000, 0x0000000702e00000, 0x0000000702e00000|100%| S|CS|TAMS 0x0000000702d00000, 0x0000000702d00000| Complete 
|  14|0x0000000702e00000, 0x0000000702f00000, 0x0000000702f00000|100%| S|CS|TAMS 0x0000000702e00000, 0x0000000702e00000| Complete 
|  15|0x0000000702f00000, 0x0000000703000000, 0x0000000703000000|100%| S|CS|TAMS 0x0000000702f00000, 0x0000000702f00000| Complete 
|  16|0x0000000703000000, 0x0000000703000000, 0x0000000703100000|  0%| F|  |TAMS 0x0000000703000000, 0x0000000703000000| Untracked 
|  17|0x0000000703100000, 0x0000000703100000, 0x0000000703200000|  0%| F|  |TAMS 0x0000000703100000, 0x0000000703100000| Untracked 
|  18|0x0000000703200000, 0x0000000703200000, 0x0000000703300000|  0%| F|  |TAMS 0x0000000703200000, 0x0000000703200000| Untracked 
|  19|0x0000000703300000, 0x0000000703300000, 0x0000000703400000|  0%| F|  |TAMS 0x0000000703300000, 0x0000000703300000| Untracked 
|  20|0x0000000703400000, 0x0000000703400000, 0x0000000703500000|  0%| F|  |TAMS 0x0000000703400000, 0x0000000703400000| Untracked 
|  21|0x0000000703500000, 0x0000000703500000, 0x0000000703600000|  0%| F|  |TAMS 0x0000000703500000, 0x0000000703500000| Untracked 
|  22|0x0000000703600000, 0x0000000703600000, 0x0000000703700000|  0%| F|  |TAMS 0x0000000703600000, 0x0000000703600000| Untracked 
|  23|0x0000000703700000, 0x0000000703700000, 0x0000000703800000|  0%| F|  |TAMS 0x0000000703700000, 0x0000000703700000| Untracked 
|  24|0x0000000703800000, 0x000000070388f220, 0x0000000703900000| 55%| E|  |TAMS 0x0000000703800000, 0x0000000703800000| Complete 
|  25|0x0000000703900000, 0x0000000703a00000, 0x0000000703a00000|100%| E|CS|TAMS 0x0000000703900000, 0x0000000703900000| Complete 
|  26|0x0000000703a00000, 0x0000000703b00000, 0x0000000703b00000|100%| E|CS|TAMS 0x0000000703a00000, 0x0000000703a00000| Complete 
|  27|0x0000000703b00000, 0x0000000703c00000, 0x0000000703c00000|100%| E|CS|TAMS 0x0000000703b00000, 0x0000000703b00000| Complete 
|  28|0x0000000703c00000, 0x0000000703d00000, 0x0000000703d00000|100%| E|CS|TAMS 0x0000000703c00000, 0x0000000703c00000| Complete 
|  29|0x0000000703d00000, 0x0000000703e00000, 0x0000000703e00000|100%| E|CS|TAMS 0x0000000703d00000, 0x0000000703d00000| Complete 
|  30|0x0000000703e00000, 0x0000000703f00000, 0x0000000703f00000|100%| E|CS|TAMS 0x0000000703e00000, 0x0000000703e00000| Complete 
|  31|0x0000000703f00000, 0x0000000704000000, 0x0000000704000000|100%| E|CS|TAMS 0x0000000703f00000, 0x0000000703f00000| Complete 
|  32|0x0000000704000000, 0x0000000704100000, 0x0000000704100000|100%| E|  |TAMS 0x0000000704000000, 0x0000000704000000| Complete 
|  33|0x0000000704100000, 0x0000000704200000, 0x0000000704200000|100%| E|CS|TAMS 0x0000000704100000, 0x0000000704100000| Complete 
|  34|0x0000000704200000, 0x0000000704300000, 0x0000000704300000|100%| E|CS|TAMS 0x0000000704200000, 0x0000000704200000| Complete 
| 243|0x0000000711300000, 0x0000000711400000, 0x0000000711400000|100%| E|CS|TAMS 0x0000000711300000, 0x0000000711300000| Complete 
| 244|0x0000000711400000, 0x0000000711500000, 0x0000000711500000|100%| E|CS|TAMS 0x0000000711400000, 0x0000000711400000| Complete 
| 245|0x0000000711500000, 0x0000000711600000, 0x0000000711600000|100%| E|CS|TAMS 0x0000000711500000, 0x0000000711500000| Complete 
| 246|0x0000000711600000, 0x0000000711700000, 0x0000000711700000|100%| E|CS|TAMS 0x0000000711600000, 0x0000000711600000| Complete 
| 253|0x0000000711d00000, 0x0000000711e00000, 0x0000000711e00000|100%| E|CS|TAMS 0x0000000711d00000, 0x0000000711d00000| Complete 

Card table byte_map: [0x000001e721110000,0x000001e721900000] _byte_map_base: 0x000001e71d900000

Marking Bits (Prev, Next): (CMBitMap*) 0x000001e70d9cddb8, (CMBitMap*) 0x000001e70d9cdd78
 Prev Bits: [0x000001e726070000, 0x000001e729ff0000)
 Next Bits: [0x000001e7220f0000, 0x000001e726070000)

Polling page: 0x000001e70b930000

Metaspace:

Usage:
  Non-class:     25.52 MB capacity,    25.26 MB (>99%) used,   213.45 KB ( <1%) free+waste,    45.13 KB ( <1%) overhead. 
      Class:      3.31 MB capacity,     3.18 MB ( 96%) used,   115.34 KB (  3%) free+waste,    18.69 KB ( <1%) overhead. 
       Both:     28.83 MB capacity,    28.44 MB ( 99%) used,   328.78 KB (  1%) free+waste,    63.81 KB ( <1%) overhead. 

Virtual space:
  Non-class space:       26.00 MB reserved,      25.75 MB (>99%) committed 
      Class space:        1.00 GB reserved,       3.38 MB ( <1%) committed 
             Both:        1.03 GB reserved,      29.13 MB (  3%) committed 

Chunk freelists:
   Non-Class:  47.00 KB
       Class:  1.00 KB
        Both:  48.00 KB

MaxMetaspaceSize: 17179869184.00 GB
CompressedClassSpaceSize: 1.00 GB

CodeHeap 'non-profiled nmethods': size=120000Kb used=1156Kb max_used=1156Kb free=118843Kb
 bounds [0x000001e7190c0000, 0x000001e719330000, 0x000001e7205f0000]
CodeHeap 'profiled nmethods': size=120000Kb used=5092Kb max_used=5092Kb free=114907Kb
 bounds [0x000001e711b90000, 0x000001e712090000, 0x000001e7190c0000]
CodeHeap 'non-nmethods': size=5760Kb used=1335Kb max_used=1358Kb free=4424Kb
 bounds [0x000001e7115f0000, 0x000001e711860000, 0x000001e711b90000]
 total_blobs=2936 nmethods=2417 adapters=431
 compilation: enabled
              stopped_count=0, restarted_count=0
 full_count=0

Compilation events (20 events):
Event: 18.996 Thread 0x000001e72d4d8000 2405       1       org.apache.xmlbeans.StringEnumAbstractBase::intValue (5 bytes)
Event: 18.997 Thread 0x000001e72d4d8000 nmethod 2405 0x000001e7191dce90 code [0x000001e7191dd020, 0x000001e7191dd0d8]
Event: 18.997 Thread 0x000001e72d4d8000 2408       1       org.apache.poi.xssf.usermodel.XSSFCell::getRow (5 bytes)
Event: 18.997 Thread 0x000001e72d4d8000 nmethod 2408 0x000001e7191dd190 code [0x000001e7191dd320, 0x000001e7191dd3d8]
Event: 18.997 Thread 0x000001e72d4d8000 2413       1       org.apache.poi.xssf.usermodel.XSSFWorkbook::getMissingCellPolicy (5 bytes)
Event: 18.997 Thread 0x000001e72d4d8000 nmethod 2413 0x000001e7191dd490 code [0x000001e7191dd620, 0x000001e7191dd6d8]
Event: 18.997 Thread 0x000001e72d4d8000 2416       3       org.apache.xmlbeans.impl.store.Locale::findNthChildElem (141 bytes)
Event: 18.998 Thread 0x000001e72d4d8000 nmethod 2416 0x000001e712088610 code [0x000001e712088840, 0x000001e712088f38]
Event: 18.998 Thread 0x000001e72d4d8000 2409       1       java.util.TreeMap::size (5 bytes)
Event: 18.998 Thread 0x000001e72d4d8000 nmethod 2409 0x000001e7191dd790 code [0x000001e7191dd920, 0x000001e7191dd9d8]
Event: 18.998 Thread 0x000001e72d4d8000 2396       1       org.apache.xmlbeans.impl.store.Xobj::cchAfter (5 bytes)
Event: 18.998 Thread 0x000001e72d4d8000 nmethod 2396 0x000001e7191dda90 code [0x000001e7191ddc20, 0x000001e7191ddcd8]
Event: 18.998 Thread 0x000001e72d4d8000 2380       1       jdk.internal.reflect.ClassFileAssembler::getStack (5 bytes)
Event: 18.999 Thread 0x000001e72d4d8000 nmethod 2380 0x000001e7191ddd90 code [0x000001e7191ddf20, 0x000001e7191ddfd8]
Event: 19.000 Thread 0x000001e72d4f0800 nmethod 2357 0x000001e7191de090 code [0x000001e7191de3a0, 0x000001e7191df9a8]
Event: 19.000 Thread 0x000001e72d4f0800 2386       4       org.apache.xmlbeans.impl.values.XmlObjectBase::get_store (32 bytes)
Event: 19.002 Thread 0x000001e72d4f0800 nmethod 2386 0x000001e7191e0190 code [0x000001e7191e0340, 0x000001e7191e04b8]
Event: 19.002 Thread 0x000001e72d4f0800 2411       4       org.apache.xmlbeans.impl.store.Xobj::isElem (14 bytes)
Event: 19.002 Thread 0x000001e72d4f0800 nmethod 2411 0x000001e7191e0590 code [0x000001e7191e0700, 0x000001e7191e0778]
Event: 19.002 Thread 0x000001e72f2a5000 nmethod 2368 0x000001e7191e0890 code [0x000001e7191e0ae0, 0x000001e7191e0f58]

GC Heap History (8 events):
Event: 1.106 GC heap before
{Heap before GC invocations=0 (full 0):
 garbage-first heap   total 260096K, used 23552K [0x0000000702000000, 0x0000000800000000)
  region size 1024K, 23 young (23552K), 0 survivors (0K)
 Metaspace       used 13529K, capacity 13757K, committed 13952K, reserved 1062912K
  class space    used 1334K, capacity 1390K, committed 1408K, reserved 1048576K
}
Event: 1.111 GC heap after
{Heap after GC invocations=1 (full 0):
 garbage-first heap   total 260096K, used 6607K [0x0000000702000000, 0x0000000800000000)
  region size 1024K, 3 young (3072K), 3 survivors (3072K)
 Metaspace       used 13529K, capacity 13757K, committed 13952K, reserved 1062912K
  class space    used 1334K, capacity 1390K, committed 1408K, reserved 1048576K
}
Event: 1.707 GC heap before
{Heap before GC invocations=1 (full 0):
 garbage-first heap   total 260096K, used 34255K [0x0000000702000000, 0x0000000800000000)
  region size 1024K, 30 young (30720K), 3 survivors (3072K)
 Metaspace       used 19378K, capacity 19676K, committed 19840K, reserved 1067008K
  class space    used 2011K, capacity 2104K, committed 2176K, reserved 1048576K
}
Event: 1.714 GC heap after
{Heap after GC invocations=2 (full 0):
 garbage-first heap   total 260096K, used 9866K [0x0000000702000000, 0x0000000800000000)
  region size 1024K, 4 young (4096K), 4 survivors (4096K)
 Metaspace       used 19378K, capacity 19676K, committed 19840K, reserved 1067008K
  class space    used 2011K, capacity 2104K, committed 2176K, reserved 1048576K
}
Event: 1.893 GC heap before
{Heap before GC invocations=2 (full 0):
 garbage-first heap   total 260096K, used 16010K [0x0000000702000000, 0x0000000800000000)
  region size 1024K, 11 young (11264K), 4 survivors (4096K)
 Metaspace       used 20784K, capacity 21122K, committed 21248K, reserved 1069056K
  class space    used 2211K, capacity 2304K, committed 2304K, reserved 1048576K
}
Event: 1.896 GC heap after
{Heap after GC invocations=3 (full 0):
 garbage-first heap   total 260096K, used 10164K [0x0000000702000000, 0x0000000800000000)
  region size 1024K, 4 young (4096K), 4 survivors (4096K)
 Metaspace       used 20784K, capacity 21122K, committed 21248K, reserved 1069056K
  class space    used 2211K, capacity 2304K, committed 2304K, reserved 1048576K
}
Event: 4.074 GC heap before
{Heap before GC invocations=4 (full 0):
 garbage-first heap   total 40960K, used 30644K [0x0000000702000000, 0x0000000800000000)
  region size 1024K, 24 young (24576K), 4 survivors (4096K)
 Metaspace       used 25869K, capacity 26224K, committed 26368K, reserved 1073152K
  class space    used 2842K, capacity 2958K, committed 3072K, reserved 1048576K
}
Event: 4.081 GC heap after
{Heap after GC invocations=5 (full 0):
 garbage-first heap   total 40960K, used 12768K [0x0000000702000000, 0x0000000800000000)
  region size 1024K, 3 young (3072K), 3 survivors (3072K)
 Metaspace       used 25869K, capacity 26224K, committed 26368K, reserved 1073152K
  class space    used 2842K, capacity 2958K, committed 3072K, reserved 1048576K
}

Deoptimization events (20 events):
Event: 18.942 Thread 0x000001e70d966800 DEOPT PACKING pc=0x000001e711e15f9a sp=0x000000436b5fd360
Event: 18.943 Thread 0x000001e70d966800 DEOPT UNPACKING pc=0x000001e71163964e sp=0x000000436b5fc7f8 mode 1
Event: 18.943 Thread 0x000001e70d966800 DEOPT PACKING pc=0x000001e711d03414 sp=0x000000436b5fd3c0
Event: 18.943 Thread 0x000001e70d966800 DEOPT UNPACKING pc=0x000001e71163964e sp=0x000000436b5fc880 mode 1
Event: 18.948 Thread 0x000001e70d966800 DEOPT PACKING pc=0x000001e711e15f9a sp=0x000000436b5fd0f0
Event: 18.948 Thread 0x000001e70d966800 DEOPT UNPACKING pc=0x000001e71163964e sp=0x000000436b5fc588 mode 1
Event: 18.948 Thread 0x000001e70d966800 DEOPT PACKING pc=0x000001e711d03414 sp=0x000000436b5fd150
Event: 18.948 Thread 0x000001e70d966800 DEOPT UNPACKING pc=0x000001e71163964e sp=0x000000436b5fc610 mode 1
Event: 18.952 Thread 0x000001e70d966800 DEOPT PACKING pc=0x000001e711e15f9a sp=0x000000436b5fd0f0
Event: 18.952 Thread 0x000001e70d966800 DEOPT UNPACKING pc=0x000001e71163964e sp=0x000000436b5fc588 mode 1
Event: 18.952 Thread 0x000001e70d966800 DEOPT PACKING pc=0x000001e711d03414 sp=0x000000436b5fd150
Event: 18.952 Thread 0x000001e70d966800 DEOPT UNPACKING pc=0x000001e71163964e sp=0x000000436b5fc610 mode 1
Event: 18.955 Thread 0x000001e70d966800 DEOPT PACKING pc=0x000001e711e15f9a sp=0x000000436b5fd500
Event: 18.955 Thread 0x000001e70d966800 DEOPT UNPACKING pc=0x000001e71163964e sp=0x000000436b5fc998 mode 1
Event: 18.955 Thread 0x000001e70d966800 DEOPT PACKING pc=0x000001e711d03414 sp=0x000000436b5fd560
Event: 18.955 Thread 0x000001e70d966800 DEOPT UNPACKING pc=0x000001e71163964e sp=0x000000436b5fca20 mode 1
Event: 18.958 Thread 0x000001e70d966800 DEOPT PACKING pc=0x000001e711e15f9a sp=0x000000436b5fd350
Event: 18.959 Thread 0x000001e70d966800 DEOPT UNPACKING pc=0x000001e71163964e sp=0x000000436b5fc7e8 mode 1
Event: 18.959 Thread 0x000001e70d966800 DEOPT PACKING pc=0x000001e711d03414 sp=0x000000436b5fd3b0
Event: 18.959 Thread 0x000001e70d966800 DEOPT UNPACKING pc=0x000001e71163964e sp=0x000000436b5fc870 mode 1

Classes unloaded (0 events):
No events

Classes redefined (4 events):
Event: 801.558 Thread 0x000001e72d499000 redefined class name=com.dollardays.pages.CreateWishlistPage, count=1
Event: 1521.964 Thread 0x000001e72d499000 redefined class name=com.dollardays.testcases.CreateWishlistTestcase, count=1
Event: 1964.961 Thread 0x000001e72d499000 redefined class name=com.dollardays.testcases.CreateWishlistTestcase, count=2
Event: 2062.120 Thread 0x000001e72d499000 redefined class name=com.dollardays.testcases.CreateWishlistTestcase, count=3

Internal exceptions (20 events):
Event: 2.046 Thread 0x000001e70d966800 Exception <a 'java/lang/NoSuchMethodError'{0x00000007040f1588}: 'int java.lang.invoke.DirectMethodHandle$Holder.invokeStaticInit(java.lang.Object, java.lang.Object, java.lang.Object, java.lang.Object)'> (0x00000007040f1588) 
thrown [./open/src/hotspot/share/interpreter/linkResolver.cpp, line 766]
Event: 2.047 Thread 0x000001e70d966800 Exception <a 'java/lang/IncompatibleClassChangeError'{0x00000007040f9fb0}: Found class java.lang.Object, but interface was expected> (0x00000007040f9fb0) 
thrown [./open/src/hotspot/share/interpreter/linkResolver.cpp, line 832]
Event: 2.048 Thread 0x000001e70d966800 Exception <a 'java/lang/NoSuchMethodError'{0x00000007040fcdf0}: 'void java.lang.invoke.DirectMethodHandle$Holder.invokeStaticInit(java.lang.Object, java.lang.Object)'> (0x00000007040fcdf0) 
thrown [./open/src/hotspot/share/interpreter/linkResolver.cpp, line 766]
Event: 2.909 Thread 0x000001e72ea89800 Exception <a 'java/net/SocketException'{0x000000070310ce78}: Socket is not connected: shutdown> (0x000000070310ce78) 
thrown [./open/src/hotspot/share/prims/jni.cpp, line 620]
Event: 3.427 Thread 0x000001e72ea89800 Exception <a 'java/net/SocketException'{0x000000070310e208}: Socket is not connected: shutdown> (0x000000070310e208) 
thrown [./open/src/hotspot/share/prims/jni.cpp, line 620]
Event: 3.899 Thread 0x000001e72e9b2800 Exception <a 'java/lang/NoSuchMethodError'{0x0000000703295200}: 'void java.lang.invoke.DirectMethodHandle$Holder.invokeStatic(java.lang.Object, long)'> (0x0000000703295200) 
thrown [./open/src/hotspot/share/interpreter/linkResolver.cpp, line 766]
Event: 3.903 Thread 0x000001e72e9b2800 Exception <a 'java/lang/NoSuchMethodError'{0x000000070329f780}: 'java.lang.Object java.lang.invoke.DirectMethodHandle$Holder.invokeStaticInit(java.lang.Object, java.lang.Object, long, java.lang.Object)'> (0x000000070329f780) 
thrown [./open/src/hotspot/share/interpreter/linkResolver.cpp, line 766]
Event: 3.904 Thread 0x000001e72e9b2800 Exception <a 'java/lang/NoSuchMethodError'{0x00000007032a4dc0}: 'java.lang.Object java.lang.invoke.Invokers$Holder.linkToTargetMethod(java.lang.Object, long, java.lang.Object)'> (0x00000007032a4dc0) 
thrown [./open/src/hotspot/share/interpreter/linkResolver.cpp, line 766]
Event: 3.973 Thread 0x000001e72ea89800 Exception <a 'java/net/SocketException'{0x000000070310f4c8}: Socket is not connected: shutdown> (0x000000070310f4c8) 
thrown [./open/src/hotspot/share/prims/jni.cpp, line 620]
Event: 13.296 Thread 0x000001e70d966800 Exception <a 'java/lang/ClassNotFoundException'{0x0000000703d00f58}: com/aventstack/extentreports/StatusBeanInfo> (0x0000000703d00f58) 
thrown [./open/src/hotspot/share/classfile/systemDictionary.cpp, line 226]
Event: 13.296 Thread 0x000001e70d966800 Exception <a 'java/lang/ClassNotFoundException'{0x0000000703d01cd0}: java/lang/EnumBeanInfo> (0x0000000703d01cd0) 
thrown [./open/src/hotspot/share/classfile/systemDictionary.cpp, line 226]
Event: 13.296 Thread 0x000001e70d966800 Exception <a 'java/lang/ClassNotFoundException'{0x0000000703d029d0}: java/lang/ObjectBeanInfo> (0x0000000703d029d0) 
thrown [./open/src/hotspot/share/classfile/systemDictionary.cpp, line 226]
Event: 13.297 Thread 0x000001e70d966800 Exception <a 'java/lang/ClassNotFoundException'{0x0000000703d03e00}: java/lang/ObjectCustomizer> (0x0000000703d03e00) 
thrown [./open/src/hotspot/share/classfile/systemDictionary.cpp, line 226]
Event: 13.303 Thread 0x000001e70d966800 Exception <a 'java/lang/IncompatibleClassChangeError'{0x0000000703d08f70}: Found class java.lang.Object, but interface was expected> (0x0000000703d08f70) 
thrown [./open/src/hotspot/share/interpreter/linkResolver.cpp, line 832]
Event: 13.306 Thread 0x000001e70d966800 Exception <a 'java/lang/ClassNotFoundException'{0x0000000703d0e930}: java/lang/EnumCustomizer> (0x0000000703d0e930) 
thrown [./open/src/hotspot/share/classfile/systemDictionary.cpp, line 226]
Event: 13.311 Thread 0x000001e70d966800 Exception <a 'java/lang/ClassNotFoundException'{0x0000000703d269b8}: com/aventstack/extentreports/StatusCustomizer> (0x0000000703d269b8) 
thrown [./open/src/hotspot/share/classfile/systemDictionary.cpp, line 226]
Event: 13.345 Thread 0x000001e70d966800 Exception <a 'java/lang/ClassNotFoundException'{0x0000000703c23710}: com/aventstack/extentreports/model/service/TestServiceBeanInfo> (0x0000000703c23710) 
thrown [./open/src/hotspot/share/classfile/systemDictionary.cpp, line 226]
Event: 13.346 Thread 0x000001e70d966800 Exception <a 'java/lang/ClassNotFoundException'{0x0000000703c2f3b8}: com/aventstack/extentreports/model/service/TestServiceCustomizer> (0x0000000703c2f3b8) 
thrown [./open/src/hotspot/share/classfile/systemDictionary.cpp, line 226]
Event: 13.356 Thread 0x000001e70d966800 Exception <a 'java/lang/ClassNotFoundException'{0x0000000703c6d850}: com/aventstack/extentreports/model/service/LogServiceBeanInfo> (0x0000000703c6d850) 
thrown [./open/src/hotspot/share/classfile/systemDictionary.cpp, line 226]
Event: 13.357 Thread 0x000001e70d966800 Exception <a 'java/lang/ClassNotFoundException'{0x0000000703c794d8}: com/aventstack/extentreports/model/service/LogServiceCustomizer> (0x0000000703c794d8) 
thrown [./open/src/hotspot/share/classfile/systemDictionary.cpp, line 226]

Events (20 events):
Event: 2062.149 Executing VM operation: ChangeBreakpoints
Event: 2062.151 Executing VM operation: ChangeBreakpoints done
Event: 2062.158 Executing VM operation: ChangeBreakpoints
Event: 2062.160 Executing VM operation: ChangeBreakpoints done
Event: 2062.160 Executing VM operation: ChangeBreakpoints
Event: 2062.162 Executing VM operation: ChangeBreakpoints done
Event: 2062.171 Executing VM operation: ChangeBreakpoints
Event: 2062.172 Executing VM operation: ChangeBreakpoints done
Event: 2062.173 Executing VM operation: GetFrameCount
Event: 2062.173 Executing VM operation: GetFrameCount done
Event: 2062.173 Executing VM operation: GetStackTrace
Event: 2062.174 Executing VM operation: GetStackTrace done
Event: 2062.299 Executing VM operation: GetFrameCount
Event: 2062.299 Executing VM operation: GetFrameCount done
Event: 2062.300 Executing VM operation: GetOwnedMonitorInfo
Event: 2062.300 Executing VM operation: GetOwnedMonitorInfo done
Event: 2062.300 Executing VM operation: GetCurrentContendedMonitor
Event: 2062.300 Executing VM operation: GetCurrentContendedMonitor done
Event: 2062.326 Executing VM operation: GetFrameLocation
Event: 2062.326 Executing VM operation: GetFrameLocation done


Dynamic libraries:
0x00007ff681d10000 - 0x00007ff681d1d000 	C:\Users\sowmiya\.p2\pool\plugins\org.eclipse.justj.openjdk.hotspot.jre.full.win32.x86_64_14.0.2.v20200815-0932\jre\bin\javaw.exe
0x00007ffbe5dd0000 - 0x00007ffbe5fc6000 	C:\WINDOWS\SYSTEM32\ntdll.dll
0x00007ffbe4720000 - 0x00007ffbe47dd000 	C:\WINDOWS\System32\KERNEL32.DLL
0x00007ffbe37a0000 - 0x00007ffbe3a69000 	C:\WINDOWS\System32\KERNELBASE.dll
0x00007ffbe3d30000 - 0x00007ffbe3e30000 	C:\WINDOWS\System32\ucrtbase.dll
0x00007ffbd41d0000 - 0x00007ffbd41e8000 	C:\Users\sowmiya\.p2\pool\plugins\org.eclipse.justj.openjdk.hotspot.jre.full.win32.x86_64_14.0.2.v20200815-0932\jre\bin\jli.dll
0x00007ffbe49a0000 - 0x00007ffbe4b40000 	C:\WINDOWS\System32\USER32.dll
0x00007ffbe3510000 - 0x00007ffbe3532000 	C:\WINDOWS\System32\win32u.dll
0x00007ffbe5a70000 - 0x00007ffbe5a9a000 	C:\WINDOWS\System32\GDI32.dll
0x00007ffbe35e0000 - 0x00007ffbe36e9000 	C:\WINDOWS\System32\gdi32full.dll
0x00007ffbe3540000 - 0x00007ffbe35dd000 	C:\WINDOWS\System32\msvcp_win.dll
0x00007ffbd3670000 - 0x00007ffbd3685000 	C:\Users\sowmiya\.p2\pool\plugins\org.eclipse.justj.openjdk.hotspot.jre.full.win32.x86_64_14.0.2.v20200815-0932\jre\bin\VCRUNTIME140.dll
0x00007ffbcb6f0000 - 0x00007ffbcb98b000 	C:\WINDOWS\WinSxS\amd64_microsoft.windows.common-controls_6595b64144ccf1df_6.0.19041.488_none_ca04af081b815d21\COMCTL32.dll
0x00007ffbe5b40000 - 0x00007ffbe5bde000 	C:\WINDOWS\System32\msvcrt.dll
0x00007ffbe5990000 - 0x00007ffbe59c0000 	C:\WINDOWS\System32\IMM32.DLL
0x00007ffbe4800000 - 0x00007ffbe492b000 	C:\WINDOWS\System32\RPCRT4.dll
0x00007ffbe59c0000 - 0x00007ffbe5a6c000 	C:\WINDOWS\System32\ADVAPI32.dll
0x00007ffbe5aa0000 - 0x00007ffbe5b3c000 	C:\WINDOWS\System32\sechost.dll
0x00007ffbe3e90000 - 0x00007ffbe45d2000 	C:\WINDOWS\System32\SHELL32.dll
0x00007ffbe4e70000 - 0x00007ffbe51c6000 	C:\WINDOWS\System32\combase.dll
0x00007ffbe5740000 - 0x00007ffbe5795000 	C:\WINDOWS\System32\SHLWAPI.dll
0x00007ffbe2370000 - 0x00007ffbe23a3000 	C:\WINDOWS\SYSTEM32\ntmarta.dll
0x00007ffbe33c0000 - 0x00007ffbe33fc000 	C:\WINDOWS\SYSTEM32\SspiCli.dll
0x00007ffbe1640000 - 0x00007ffbe1dd5000 	C:\WINDOWS\SYSTEM32\windows.storage.dll
0x00007ffbe2f80000 - 0x00007ffbe2fac000 	C:\WINDOWS\SYSTEM32\Wldp.dll
0x00007ffbe58d0000 - 0x00007ffbe597e000 	C:\WINDOWS\System32\SHCORE.dll
0x00007ffb91d10000 - 0x00007ffb91dab000 	C:\Users\sowmiya\.p2\pool\plugins\org.eclipse.justj.openjdk.hotspot.jre.full.win32.x86_64_14.0.2.v20200815-0932\jre\bin\msvcp140.dll
0x00007ffb792b0000 - 0x00007ffb79dce000 	C:\Users\sowmiya\.p2\pool\plugins\org.eclipse.justj.openjdk.hotspot.jre.full.win32.x86_64_14.0.2.v20200815-0932\jre\bin\server\jvm.dll
0x00007ffbe5980000 - 0x00007ffbe5988000 	C:\WINDOWS\System32\PSAPI.DLL
0x00007ffbc5100000 - 0x00007ffbc5109000 	C:\WINDOWS\SYSTEM32\WSOCK32.dll
0x00007ffbe5260000 - 0x00007ffbe52cb000 	C:\WINDOWS\System32\WS2_32.dll
0x00007ffbd3bc0000 - 0x00007ffbd3be7000 	C:\WINDOWS\SYSTEM32\WINMM.dll
0x00007ffbd0000000 - 0x00007ffbd000a000 	C:\WINDOWS\SYSTEM32\VERSION.dll
0x00007ffbe1df0000 - 0x00007ffbe1e02000 	C:\WINDOWS\SYSTEM32\kernel.appcore.dll
0x00007ffbde2d0000 - 0x00007ffbde2da000 	C:\Users\sowmiya\.p2\pool\plugins\org.eclipse.justj.openjdk.hotspot.jre.full.win32.x86_64_14.0.2.v20200815-0932\jre\bin\jimage.dll
0x00007ffbe1190000 - 0x00007ffbe1374000 	C:\WINDOWS\SYSTEM32\DBGHELP.DLL
0x00007ffbda740000 - 0x00007ffbda76c000 	C:\WINDOWS\SYSTEM32\dbgcore.DLL
0x00007ffbe3af0000 - 0x00007ffbe3b70000 	C:\WINDOWS\System32\bcryptPrimitives.dll
0x00007ffbc1790000 - 0x00007ffbc17c8000 	C:\Users\sowmiya\.p2\pool\plugins\org.eclipse.justj.openjdk.hotspot.jre.full.win32.x86_64_14.0.2.v20200815-0932\jre\bin\jdwp.dll
0x00007ffbd3300000 - 0x00007ffbd3325000 	C:\Users\sowmiya\.p2\pool\plugins\org.eclipse.justj.openjdk.hotspot.jre.full.win32.x86_64_14.0.2.v20200815-0932\jre\bin\java.dll
0x00007ffbdbff0000 - 0x00007ffbdc006000 	C:\Users\sowmiya\.p2\pool\plugins\org.eclipse.justj.openjdk.hotspot.jre.full.win32.x86_64_14.0.2.v20200815-0932\jre\bin\zip.dll
0x00007ffbe3440000 - 0x00007ffbe3466000 	C:\WINDOWS\SYSTEM32\profapi.dll
0x00007ffbdb860000 - 0x00007ffbdb86b000 	C:\Users\sowmiya\.p2\pool\plugins\org.eclipse.justj.openjdk.hotspot.jre.full.win32.x86_64_14.0.2.v20200815-0932\jre\bin\dt_socket.dll
0x00007ffbe29a0000 - 0x00007ffbe29db000 	C:\WINDOWS\SYSTEM32\IPHLPAPI.DLL
0x00007ffbe2d00000 - 0x00007ffbe2d6a000 	C:\WINDOWS\system32\mswsock.dll
0x00007ffbe29e0000 - 0x00007ffbe2aab000 	C:\WINDOWS\SYSTEM32\DNSAPI.dll
0x00007ffbe4990000 - 0x00007ffbe4998000 	C:\WINDOWS\System32\NSI.dll
0x00007ffbd3220000 - 0x00007ffbd322a000 	C:\Windows\System32\rasadhlp.dll
0x00007ffbd3760000 - 0x00007ffbd37df000 	C:\WINDOWS\System32\fwpuclnt.dll
0x00007ffbe3ac0000 - 0x00007ffbe3ae7000 	C:\WINDOWS\System32\bcrypt.dll
0x00007ffbda9e0000 - 0x00007ffbda9f9000 	C:\Users\sowmiya\.p2\pool\plugins\org.eclipse.justj.openjdk.hotspot.jre.full.win32.x86_64_14.0.2.v20200815-0932\jre\bin\net.dll
0x00007ffbdcc20000 - 0x00007ffbdcd20000 	C:\WINDOWS\SYSTEM32\WINHTTP.dll
0x00007ffbd9a70000 - 0x00007ffbd9a82000 	C:\Users\sowmiya\.p2\pool\plugins\org.eclipse.justj.openjdk.hotspot.jre.full.win32.x86_64_14.0.2.v20200815-0932\jre\bin\nio.dll
0x00007ffbde250000 - 0x00007ffbde260000 	C:\Users\sowmiya\.p2\pool\plugins\org.eclipse.justj.openjdk.hotspot.jre.full.win32.x86_64_14.0.2.v20200815-0932\jre\bin\verify.dll
0x00007ffbe2ed0000 - 0x00007ffbe2ee8000 	C:\WINDOWS\SYSTEM32\CRYPTSP.dll
0x00007ffbe2620000 - 0x00007ffbe2654000 	C:\WINDOWS\system32\rsaenh.dll
0x00007ffbe3400000 - 0x00007ffbe342e000 	C:\WINDOWS\SYSTEM32\USERENV.dll
0x00007ffbe2ef0000 - 0x00007ffbe2efc000 	C:\WINDOWS\SYSTEM32\CRYPTBASE.dll
0x00007ffbd9c20000 - 0x00007ffbd9c37000 	C:\WINDOWS\SYSTEM32\dhcpcsvc6.DLL
0x00007ffbd9ee0000 - 0x00007ffbd9efd000 	C:\WINDOWS\SYSTEM32\dhcpcsvc.DLL
0x00007ffbd47e0000 - 0x00007ffbd47ee000 	C:\Users\sowmiya\.p2\pool\plugins\org.eclipse.justj.openjdk.hotspot.jre.full.win32.x86_64_14.0.2.v20200815-0932\jre\bin\sunmscapi.dll
0x00007ffbe3bd0000 - 0x00007ffbe3d2d000 	C:\WINDOWS\System32\CRYPT32.dll
0x00007ffbe2ff0000 - 0x00007ffbe3017000 	C:\WINDOWS\SYSTEM32\ncrypt.dll
0x00007ffbe2fb0000 - 0x00007ffbe2feb000 	C:\WINDOWS\SYSTEM32\NTASN1.dll
0x00007ffbcb460000 - 0x00007ffbcb485000 	C:\Users\sowmiya\.p2\pool\plugins\org.eclipse.justj.openjdk.hotspot.jre.full.win32.x86_64_14.0.2.v20200815-0932\jre\bin\sunec.dll

dbghelp: loaded successfully - version: 4.0.5 - missing functions: none
symbol engine: initialized successfully - sym options: 0x614 - pdb path: .;C:\Users\sowmiya\.p2\pool\plugins\org.eclipse.justj.openjdk.hotspot.jre.full.win32.x86_64_14.0.2.v20200815-0932\jre\bin;C:\WINDOWS\SYSTEM32;C:\WINDOWS\WinSxS\amd64_microsoft.windows.common-controls_6595b64144ccf1df_6.0.19041.488_none_ca04af081b815d21;C:\Users\sowmiya\.p2\pool\plugins\org.eclipse.justj.openjdk.hotspot.jre.full.win32.x86_64_14.0.2.v20200815-0932\jre\bin\server

VM Arguments:
jvm_args: -XX:+ShowCodeDetailsInExceptionMessages -agentlib:jdwp=transport=dt_socket,suspend=y,address=localhost:64214 -ea -Dfile.encoding=Cp1252 
java_command: org.testng.remote.RemoteTestNG -serport 64213 -protocol json -d C:\Users\sowmiya\Desktop\Testing materials and assignments\PROJECT DETAILS AND VIDEOS\Team2_TaxExempt-master\Team2_TaxExempt-master\test-output C:\Users\sowmiya\Desktop\Testing materials and assignments\PROJECT DETAILS AND VIDEOS\Team2_TaxExempt-master\Team2_TaxExempt-master\config\Create_wishlist.xml
java_class_path (initial): C:\Users\sowmiya\eclipse\java-2020-09\eclipse\configuration\org.eclipse.osgi\431\0\.cp\lib\testng-remote.jar;C:\Users\sowmiya\Desktop\Testing materials and assignments\PROJECT DETAILS AND VIDEOS\Team2_TaxExempt-master\Team2_TaxExempt-master\target\test-classes;C:\Users\sowmiya\Desktop\Testing materials and assignments\PROJECT DETAILS AND VIDEOS\Team2_TaxExempt-master\Team2_TaxExempt-master\target\classes;C:\Users\sowmiya\.p2\pool\plugins\org.testng_7.3.0.r202008060316.jar;C:\Users\sowmiya\.p2\pool\plugins\com.beust.jcommander_1.78.0.jar;C:\Users\sowmiya\.p2\pool\plugins\org.apache-extras.beanshell.bsh_2.0.0.b6.jar;C:\Users\sowmiya\.p2\pool\plugins\org.yaml.snakeyaml_1.21.0.jar;C:\Users\sowmiya\.m2\repository\javax\xml\jaxb-impl\2.1\jaxb-impl-2.1.jar;C:\Users\sowmiya\.m2\repository\com\aventstack\extentreports\4.1.3\extentreports-4.1.3.jar;C:\Users\sowmiya\.m2\repository\org\freemarker\freemarker\2.3.29\freemarker-2.3.29.jar;C:\Users\sowmiya\.m2\repository\org\apache\httpcomponents\httpclient\4.5.2\httpclient-4.5.2.jar;C:\Users\sowmiya\.m2\repository\org\apache\httpcomponents\httpcore\4.4.4\httpcore-4.4.4.jar;C:\Users\sowmiya\.m2\repository\commons-logging\commons-logging\1.2\commons-logging-1.2.jar;C:\Users\sowmiya\.m2\repository\org\apache\httpcomponents\httpmime\4.5.2\httpmime-4.5.2.jar;C:\Users\sowmiya\.m2\repository\com\google\code\gson\gson\2.8.6\gson-2.8.6.jar;C:\Users\sowmiya\.m2\repository\org\mongodb\mongodb-driver\3.12.0\mongodb-driver-3.12.0.jar;C:\Users\sowmiya\.m2\repository\org\mongodb\mongodb-driver-core\3.12.0\mongodb-driver-core-3.12.0.jar;C:\Users\sowmiya\.m2\repository\org\mongodb\bson\3.12.0\bson-3.12.0.jar;C:\Users\sowmiya\.m2\repository\com\github\stephenc\monte\monte-screen-recorder\0.7.7.0\monte-screen-recorder-0.7.7.0.jar;C:\Users\sowmiya\.m2\repository\com\relevantcodes\extentreports\2.41.2\extentreports-2.41.2.jar;C:\Users\sowmiya\.m2\repository\org\jsoup\jsoup\1.8.3\jsoup-1.8.3.jar;C:\Users\sowmiya\.m2\reposit
Launcher Type: SUN_STANDARD

[Global flags]
     intx CICompilerCount                          = 4                                         {product} {ergonomic}
     uint ConcGCThreads                            = 2                                         {product} {ergonomic}
     uint G1ConcRefinementThreads                  = 8                                         {product} {ergonomic}
   size_t G1HeapRegionSize                         = 1048576                                   {product} {ergonomic}
    uintx GCDrainStackTargetSize                   = 64                                        {product} {ergonomic}
   size_t InitialHeapSize                          = 266338304                                 {product} {ergonomic}
   size_t MarkStackSize                            = 4194304                                   {product} {ergonomic}
   size_t MaxHeapSize                              = 4261412864                                {product} {ergonomic}
   size_t MaxNewSize                               = 2556428288                                {product} {ergonomic}
   size_t MinHeapDeltaBytes                        = 1048576                                   {product} {ergonomic}
   size_t MinHeapSize                              = 8388608                                   {product} {ergonomic}
    uintx NonNMethodCodeHeapSize                   = 5839372                                {pd product} {ergonomic}
    uintx NonProfiledCodeHeapSize                  = 122909434                              {pd product} {ergonomic}
    uintx ProfiledCodeHeapSize                     = 122909434                              {pd product} {ergonomic}
    uintx ReservedCodeCacheSize                    = 251658240                              {pd product} {ergonomic}
     bool SegmentedCodeCache                       = true                                      {product} {ergonomic}
     bool ShowCodeDetailsInExceptionMessages       = true                                   {manageable} {command line}
   size_t SoftMaxHeapSize                          = 4261412864                             {manageable} {ergonomic}
     bool UseCompressedClassPointers               = true                                 {lp64_product} {ergonomic}
     bool UseCompressedOops                        = true                                 {lp64_product} {ergonomic}
     bool UseG1GC                                  = true                                      {product} {ergonomic}
     bool UseLargePagesIndividualAllocation        = false                                  {pd product} {ergonomic}

Logging:
Log output configuration:
 #0: stdout all=warning uptime,level,tags
 #1: stderr all=off uptime,level,tags

Environment Variables:
PATH=C:\Users\sowmiya\.p2\pool\plugins\org.eclipse.justj.openjdk.hotspot.jre.full.win32.x86_64_14.0.2.v20200815-0932\jre\bin;C:/Users/sowmiya/.p2/pool/plugins/org.eclipse.justj.openjdk.hotspot.jre.full.win32.x86_64_14.0.2.v20200815-0932/jre/bin/server;C:/Users/sowmiya/.p2/pool/plugins/org.eclipse.justj.openjdk.hotspot.jre.full.win32.x86_64_14.0.2.v20200815-0932/jre/bin;C:\Program Files (x86)\Common Files\Oracle\Java\javapath;C:\Program Files (x86)\Intel\Intel(R) Management Engine Components\iCLS\;C:\Program Files\Intel\Intel(R) Management Engine Components\iCLS\;C:\Windows\system32;C:\Windows;C:\Windows\System32\Wbem;C:\Windows\System32\WindowsPowerShell\v1.0\;C:\Windows\System32\OpenSSH\;C:\Program Files (x86)\Intel\Intel(R) Management Engine Components\DAL;C:\Program Files\Intel\Intel(R) Management Engine Components\DAL;C:\Program Files (x86)\Intel\Intel(R) Management Engine Components\IPT;C:\Program Files\Intel\Intel(R) Management Engine Components\IPT;C:\Program Files (x86)\NVIDIA Corporation\PhysX\Common;C:\WINDOWS\system32;C:\WINDOWS;C:\WINDOWS\System32\Wbem;C:\WINDOWS\System32\WindowsPowerShell\v1.0\;C:\WINDOWS\System32\OpenSSH\;C:\Program Files (x86)\QuickTime\QTSystem\;C:\Users\sowmiya\AppData\Roaming\Microsoft\Windows\Start Menu\Programs\Python 3.8;C:\Program Files\Git\cmd;C:\Users\sowmiya\Desktop\Testing materials and assignments\Automation driver\apache-maven-3.6.3\bin;C:\Program Files\MySQL\MySQL Shell 8.0\bin\;C:\Users\sowmiya\AppData\Local\Microsoft\WindowsApps;;C:\WINDOWS\system32;
USERNAME=sowmiya
OS=Windows_NT
PROCESSOR_IDENTIFIER=Intel64 Family 6 Model 142 Stepping 10, GenuineIntel



---------------  S Y S T E M  ---------------

OS: Windows 10 , 64 bit Build 19041 (10.0.19041.662)
OS uptime: 19 days 17:02 hours

CPU:total 8 (initial active 8) (4 cores per cpu, 2 threads per core) family 6 model 142 stepping 10, cmov, cx8, fxsr, mmx, sse, sse2, sse3, ssse3, sse4.1, sse4.2, popcnt, avx, avx2, aes, clmul, erms, 3dnowpref, lzcnt, ht, tsc, tscinvbit, bmi1, bmi2, adx, fma

Memory: 4k page, system-wide physical 16250M (4476M free)
TotalPageFile size 27577M (AvailPageFile size 5014M)
current process WorkingSet (physical memory assigned to process): 114M, peak: 125M
current process commit charge ("private bytes"): 158M, peak: 379M

vm_info: OpenJDK 64-Bit Server VM (14.0.2+12-46) for windows-amd64 JRE (14.0.2+12-46), built on Jul  9 2020 00:31:16 by "mach5one" with MS VC++ 15.9 (VS2017)

END.
