#
# A fatal error has been detected by the Java Runtime Environment:
#
#  Internal Error (./open/src/hotspot/share/runtime/signature.cpp:54), pid=32244, tid=1380
#  fatal error: expecting (
#
# JRE version: OpenJDK Runtime Environment (14.0.2+12) (build 14.0.2+12-46)
# Java VM: OpenJDK 64-Bit Server VM (14.0.2+12-46, mixed mode, tiered, compressed oops, g1 gc, windows-amd64)
# No core dump will be written. Minidumps are not enabled by default on client versions of Windows
#
# If you would like to submit a bug report, please visit:
#   https://bugreport.java.com/bugreport/crash.jsp
#

---------------  S U M M A R Y ------------

Command Line: -XX:+ShowCodeDetailsInExceptionMessages -agentlib:jdwp=transport=dt_socket,suspend=y,address=localhost:61142 -ea -Dfile.encoding=Cp1252 org.testng.remote.RemoteTestNG -serport 61131 -protocol json -d C:\Users\sowmiya\Desktop\Testing materials and assignments\PROJECT DETAILS AND VIDEOS\Team2_TaxExempt-master\Team2_TaxExempt-master\test-output C:\Users\sowmiya\AppData\Local\Temp\testng-eclipse--838131854\testng-customsuite.xml

Host: Intel(R) Core(TM) i7-8550U CPU @ 1.80GHz, 8 cores, 15G,  Windows 10 , 64 bit Build 19041 (10.0.19041.662)
Time: Wed Jan 13 12:21:28 2021 Eastern Standard Time elapsed time: 6592 seconds (0d 1h 49m 52s)

---------------  T H R E A D  ---------------

Current thread (0x0000028bd12d6800):  JavaThread "JDWP Transport Listener: dt_socket" daemon [_thread_in_vm, id=1380, stack(0x000000b939000000,0x000000b939100000)] _threads_hazard_ptr=0x0000028bd2de0370

Stack: [0x000000b939000000,0x000000b939100000]
Native frames: (J=compiled Java code, j=interpreted, Vv=VM code, C=native code)
V  [jvm.dll+0x5f8a9a]
V  [jvm.dll+0x74247a]
V  [jvm.dll+0x743c2f]
V  [jvm.dll+0x744227]
V  [jvm.dll+0x20d034]
V  [jvm.dll+0x674e3b]
V  [jvm.dll+0x2ef343]
V  [jvm.dll+0x2f1005]
V  [jvm.dll+0x2f18fe]
V  [jvm.dll+0x2ef19c]
V  [jvm.dll+0x2ee3d2]
V  [jvm.dll+0x5e7b55]
V  [jvm.dll+0x5e78dd]
V  [jvm.dll+0x5af8e3]
V  [jvm.dll+0x739aef]
V  [jvm.dll+0x4bee61]
V  [jvm.dll+0x74908b]
V  [jvm.dll+0x4a54ee]
V  [jvm.dll+0x46ee7b]
C  [jdwp.dll+0x751f]


---------------  P R O C E S S  ---------------

Threads class SMR info:
_java_thread_list=0x0000028bd2de0370, length=18, elements={
0x0000028bb15b7000, 0x0000028bd10d0800, 0x0000028bd10d1800, 0x0000028bd1104800,
0x0000028bd1105000, 0x0000028bd1106000, 0x0000028bd1107800, 0x0000028bd1126800,
0x0000028bd1129800, 0x0000028bd12d6800, 0x0000028bd12fa000, 0x0000028bd12fc000,
0x0000028bd130d800, 0x0000028bd1327800, 0x0000028bd1d86000, 0x0000028bd3d53000,
0x0000028bd2212800, 0x0000028bd2213000
}

Java Threads: ( => current thread )
  0x0000028bb15b7000 JavaThread "main" [_thread_blocked, id=31336, stack(0x000000b938100000,0x000000b938200000)]
  0x0000028bd10d0800 JavaThread "Reference Handler" daemon [_thread_blocked, id=2016, stack(0x000000b938800000,0x000000b938900000)]
  0x0000028bd10d1800 JavaThread "Finalizer" daemon [_thread_blocked, id=37300, stack(0x000000b938900000,0x000000b938a00000)]
  0x0000028bd1104800 JavaThread "Signal Dispatcher" daemon [_thread_blocked, id=33260, stack(0x000000b938a00000,0x000000b938b00000)]
  0x0000028bd1105000 JavaThread "Attach Listener" daemon [_thread_blocked, id=22804, stack(0x000000b938b00000,0x000000b938c00000)]
  0x0000028bd1106000 JavaThread "Service Thread" daemon [_thread_blocked, id=62796, stack(0x000000b938c00000,0x000000b938d00000)]
  0x0000028bd1107800 JavaThread "C2 CompilerThread0" daemon [_thread_blocked, id=41792, stack(0x000000b938d00000,0x000000b938e00000)]
  0x0000028bd1126800 JavaThread "C1 CompilerThread0" daemon [_thread_blocked, id=31508, stack(0x000000b938e00000,0x000000b938f00000)]
  0x0000028bd1129800 JavaThread "Sweeper thread" daemon [_thread_blocked, id=38440, stack(0x000000b938f00000,0x000000b939000000)]
=>0x0000028bd12d6800 JavaThread "JDWP Transport Listener: dt_socket" daemon [_thread_in_vm, id=1380, stack(0x000000b939000000,0x000000b939100000)] _threads_hazard_ptr=0x0000028bd2de0370
  0x0000028bd12fa000 JavaThread "JDWP Event Helper Thread" daemon [_thread_blocked, id=48336, stack(0x000000b939100000,0x000000b939200000)]
  0x0000028bd12fc000 JavaThread "JDWP Command Reader" daemon [_thread_in_native, id=44808, stack(0x000000b939200000,0x000000b939300000)]
  0x0000028bd130d800 JavaThread "Notification Thread" daemon [_thread_blocked, id=20944, stack(0x000000b939300000,0x000000b939400000)]
  0x0000028bd1327800 JavaThread "Common-Cleaner" daemon [_thread_blocked, id=44568, stack(0x000000b939500000,0x000000b939600000)]
  0x0000028bd1d86000 JavaThread "ReaderThread" [_thread_in_native, id=56316, stack(0x000000b939800000,0x000000b939900000)]
  0x0000028bd3d53000 JavaThread "Exec Default Executor" daemon [_thread_in_native, id=10460, stack(0x000000b93a000000,0x000000b93a100000)]
  0x0000028bd2212800 JavaThread "Exec Stream Pumper" daemon [_thread_in_native, id=56824, stack(0x000000b939600000,0x000000b939700000)]
  0x0000028bd2213000 JavaThread "Exec Stream Pumper" daemon [_thread_in_native, id=32972, stack(0x000000b939e00000,0x000000b939f00000)]

Other Threads:
  0x0000028bd10b8800 VMThread "VM Thread" [stack: 0x000000b938700000,0x000000b938800000] [id=56100]
  0x0000028bd1310000 WatcherThread [stack: 0x000000b939400000,0x000000b939500000] [id=25876]
  0x0000028bb161b800 GCTaskThread "GC Thread#0" [stack: 0x000000b938200000,0x000000b938300000] [id=39488]
  0x0000028bd226d800 GCTaskThread "GC Thread#1" [stack: 0x000000b939900000,0x000000b939a00000] [id=50512]
  0x0000028bd226a800 GCTaskThread "GC Thread#2" [stack: 0x000000b939a00000,0x000000b939b00000] [id=18032]
  0x0000028bd226b800 GCTaskThread "GC Thread#3" [stack: 0x000000b939b00000,0x000000b939c00000] [id=35424]
  0x0000028bd226f800 GCTaskThread "GC Thread#4" [stack: 0x000000b939c00000,0x000000b939d00000] [id=65412]
  0x0000028bd2270000 GCTaskThread "GC Thread#5" [stack: 0x000000b939d00000,0x000000b939e00000] [id=19616]
  0x0000028bb163f000 ConcurrentGCThread "G1 Main Marker" [stack: 0x000000b938300000,0x000000b938400000] [id=57160]
  0x0000028bb1642000 ConcurrentGCThread "G1 Conc#0" [stack: 0x000000b938400000,0x000000b938500000] [id=53600]
  0x0000028bd2271000 ConcurrentGCThread "G1 Conc#1" [stack: 0x000000b939f00000,0x000000b93a000000] [id=29256]
  0x0000028bd0189000 ConcurrentGCThread "G1 Refine#0" [stack: 0x000000b938500000,0x000000b938600000] [id=60516]
  0x0000028bd018a000 ConcurrentGCThread "G1 Young RemSet Sampling" [stack: 0x000000b938600000,0x000000b938700000] [id=53132]

Threads with active compile tasks:

VM state:not at safepoint (normal execution)

VM Mutex/Monitor currently owned by a thread: None

Heap address: 0x0000000702000000, size: 4064 MB, Compressed Oops mode: Zero based, Oop shift amount: 3
Narrow klass base: 0x0000000800000000, Narrow klass shift: 0
Compressed class space size: 1073741824 Address: 0x0000000800000000

Heap:
 garbage-first heap   total 48128K, used 15240K [0x0000000702000000, 0x0000000800000000)
  region size 1024K, 10 young (10240K), 7 survivors (7168K)
 Metaspace       used 27792K, capacity 28182K, committed 28416K, reserved 1075200K
  class space    used 3088K, capacity 3222K, committed 3328K, reserved 1048576K
Heap Regions: E=young(eden), S=young(survivor), O=old, HS=humongous(starts), HC=humongous(continues), CS=collection set, F=free, OA=open archive, CA=closed archive, TAMS=top-at-mark-start (previous, next)
|   0|0x0000000702000000, 0x0000000702100000, 0x0000000702100000|100%|HS|  |TAMS 0x0000000702100000, 0x0000000702000000| Complete 
|   1|0x0000000702100000, 0x0000000702200000, 0x0000000702200000|100%| O|  |TAMS 0x0000000702200000, 0x0000000702100000| Untracked 
|   2|0x0000000702200000, 0x0000000702300000, 0x0000000702300000|100%| O|  |TAMS 0x0000000702300000, 0x0000000702200000| Untracked 
|   3|0x0000000702300000, 0x0000000702400000, 0x0000000702400000|100%| O|  |TAMS 0x0000000702400000, 0x0000000702300000| Untracked 
|   4|0x0000000702400000, 0x0000000702500000, 0x0000000702500000|100%| O|  |TAMS 0x0000000702500000, 0x0000000702400000| Untracked 
|   5|0x0000000702500000, 0x0000000702600000, 0x0000000702600000|100%| O|  |TAMS 0x0000000702600000, 0x0000000702500000| Untracked 
|   6|0x0000000702600000, 0x0000000702693c00, 0x0000000702700000| 57%| O|  |TAMS 0x0000000702693c00, 0x0000000702600000| Untracked 
|   7|0x0000000702700000, 0x0000000702700000, 0x0000000702800000|  0%| F|  |TAMS 0x0000000702700000, 0x0000000702700000| Untracked 
|   8|0x0000000702800000, 0x0000000702800000, 0x0000000702900000|  0%| F|  |TAMS 0x0000000702800000, 0x0000000702800000| Untracked 
|   9|0x0000000702900000, 0x0000000702900000, 0x0000000702a00000|  0%| F|  |TAMS 0x0000000702900000, 0x0000000702900000| Untracked 
|  10|0x0000000702a00000, 0x0000000702a00000, 0x0000000702b00000|  0%| F|  |TAMS 0x0000000702a00000, 0x0000000702a00000| Untracked 
|  11|0x0000000702b00000, 0x0000000702b00000, 0x0000000702c00000|  0%| F|  |TAMS 0x0000000702b00000, 0x0000000702b00000| Untracked 
|  12|0x0000000702c00000, 0x0000000702c00000, 0x0000000702d00000|  0%| F|  |TAMS 0x0000000702c00000, 0x0000000702c00000| Untracked 
|  13|0x0000000702d00000, 0x0000000702d00000, 0x0000000702e00000|  0%| F|  |TAMS 0x0000000702d00000, 0x0000000702d00000| Untracked 
|  14|0x0000000702e00000, 0x0000000702e00000, 0x0000000702f00000|  0%| F|  |TAMS 0x0000000702e00000, 0x0000000702e00000| Untracked 
|  15|0x0000000702f00000, 0x0000000702f00000, 0x0000000703000000|  0%| F|  |TAMS 0x0000000702f00000, 0x0000000702f00000| Untracked 
|  16|0x0000000703000000, 0x0000000703000000, 0x0000000703100000|  0%| F|  |TAMS 0x0000000703000000, 0x0000000703000000| Untracked 
|  17|0x0000000703100000, 0x0000000703100000, 0x0000000703200000|  0%| F|  |TAMS 0x0000000703100000, 0x0000000703100000| Untracked 
|  18|0x0000000703200000, 0x0000000703200000, 0x0000000703300000|  0%| F|  |TAMS 0x0000000703200000, 0x0000000703200000| Untracked 
|  19|0x0000000703300000, 0x0000000703300000, 0x0000000703400000|  0%| F|  |TAMS 0x0000000703300000, 0x0000000703300000| Untracked 
|  20|0x0000000703400000, 0x0000000703400000, 0x0000000703500000|  0%| F|  |TAMS 0x0000000703400000, 0x0000000703400000| Untracked 
|  21|0x0000000703500000, 0x0000000703500000, 0x0000000703600000|  0%| F|  |TAMS 0x0000000703500000, 0x0000000703500000| Untracked 
|  22|0x0000000703600000, 0x0000000703600000, 0x0000000703700000|  0%| F|  |TAMS 0x0000000703600000, 0x0000000703600000| Untracked 
|  23|0x0000000703700000, 0x0000000703700000, 0x0000000703800000|  0%| F|  |TAMS 0x0000000703700000, 0x0000000703700000| Untracked 
|  24|0x0000000703800000, 0x0000000703800000, 0x0000000703900000|  0%| F|  |TAMS 0x0000000703800000, 0x0000000703800000| Untracked 
|  25|0x0000000703900000, 0x0000000703900000, 0x0000000703a00000|  0%| F|  |TAMS 0x0000000703900000, 0x0000000703900000| Untracked 
|  26|0x0000000703a00000, 0x0000000703a00000, 0x0000000703b00000|  0%| F|  |TAMS 0x0000000703a00000, 0x0000000703a00000| Untracked 
|  27|0x0000000703b00000, 0x0000000703b00000, 0x0000000703c00000|  0%| F|  |TAMS 0x0000000703b00000, 0x0000000703b00000| Untracked 
|  28|0x0000000703c00000, 0x0000000703c00000, 0x0000000703d00000|  0%| F|  |TAMS 0x0000000703c00000, 0x0000000703c00000| Untracked 
|  29|0x0000000703d00000, 0x0000000703d00000, 0x0000000703e00000|  0%| F|  |TAMS 0x0000000703d00000, 0x0000000703d00000| Untracked 
|  30|0x0000000703e00000, 0x0000000703e00000, 0x0000000703f00000|  0%| F|  |TAMS 0x0000000703e00000, 0x0000000703e00000| Untracked 
|  31|0x0000000703f00000, 0x0000000703f00000, 0x0000000704000000|  0%| F|  |TAMS 0x0000000703f00000, 0x0000000703f00000| Untracked 
|  32|0x0000000704000000, 0x0000000704000000, 0x0000000704100000|  0%| F|  |TAMS 0x0000000704000000, 0x0000000704000000| Untracked 
|  33|0x0000000704100000, 0x0000000704100000, 0x0000000704200000|  0%| F|  |TAMS 0x0000000704100000, 0x0000000704100000| Untracked 
|  34|0x0000000704200000, 0x0000000704200000, 0x0000000704300000|  0%| F|  |TAMS 0x0000000704200000, 0x0000000704200000| Untracked 
|  35|0x0000000704300000, 0x0000000704400000, 0x0000000704400000|100%| S|CS|TAMS 0x0000000704300000, 0x0000000704300000| Complete 
|  36|0x0000000704400000, 0x0000000704500000, 0x0000000704500000|100%| S|CS|TAMS 0x0000000704400000, 0x0000000704400000| Complete 
|  37|0x0000000704500000, 0x0000000704600000, 0x0000000704600000|100%| S|CS|TAMS 0x0000000704500000, 0x0000000704500000| Complete 
|  38|0x0000000704600000, 0x0000000704700000, 0x0000000704700000|100%| S|CS|TAMS 0x0000000704600000, 0x0000000704600000| Complete 
|  39|0x0000000704700000, 0x0000000704800000, 0x0000000704800000|100%| S|CS|TAMS 0x0000000704700000, 0x0000000704700000| Complete 
|  40|0x0000000704800000, 0x0000000704900000, 0x0000000704900000|100%| S|CS|TAMS 0x0000000704800000, 0x0000000704800000| Complete 
|  41|0x0000000704900000, 0x000000070494e4c8, 0x0000000704a00000| 30%| S|CS|TAMS 0x0000000704900000, 0x0000000704900000| Complete 
| 242|0x0000000711200000, 0x0000000711200000, 0x0000000711300000|  0%| F|  |TAMS 0x0000000711200000, 0x0000000711200000| Untracked 
| 243|0x0000000711300000, 0x0000000711300000, 0x0000000711400000|  0%| F|  |TAMS 0x0000000711300000, 0x0000000711300000| Untracked 
| 244|0x0000000711400000, 0x0000000711500000, 0x0000000711500000|100%| E|  |TAMS 0x0000000711400000, 0x0000000711400000| Complete 
| 245|0x0000000711500000, 0x0000000711600000, 0x0000000711600000|100%| E|CS|TAMS 0x0000000711500000, 0x0000000711500000| Complete 
| 253|0x0000000711d00000, 0x0000000711e00000, 0x0000000711e00000|100%| E|CS|TAMS 0x0000000711d00000, 0x0000000711d00000| Complete 

Card table byte_map: [0x0000028bc4d60000,0x0000028bc5550000] _byte_map_base: 0x0000028bc1550000

Marking Bits (Prev, Next): (CMBitMap*) 0x0000028bb161c2e8, (CMBitMap*) 0x0000028bb161c2a8
 Prev Bits: [0x0000028bc9cc0000, 0x0000028bcdc40000)
 Next Bits: [0x0000028bc5d40000, 0x0000028bc9cc0000)

Polling page: 0x0000028bb0d50000

Metaspace:

Usage:
  Non-class:     24.38 MB capacity,    24.12 MB ( 99%) used,   213.46 KB ( <1%) free+waste,    42.94 KB ( <1%) overhead. 
      Class:      3.15 MB capacity,     3.02 MB ( 96%) used,   115.23 KB (  4%) free+waste,    17.81 KB ( <1%) overhead. 
       Both:     27.52 MB capacity,    27.14 MB ( 99%) used,   328.70 KB (  1%) free+waste,    60.75 KB ( <1%) overhead. 

Virtual space:
  Non-class space:       26.00 MB reserved,      24.50 MB ( 94%) committed 
      Class space:        1.00 GB reserved,       3.25 MB ( <1%) committed 
             Both:        1.03 GB reserved,      27.75 MB (  3%) committed 

Chunk freelists:
   Non-Class:  0 bytes
       Class:  10.00 KB
        Both:  10.00 KB

MaxMetaspaceSize: 17179869184.00 GB
CompressedClassSpaceSize: 1.00 GB

CodeHeap 'non-profiled nmethods': size=120000Kb used=1136Kb max_used=1136Kb free=118863Kb
 bounds [0x0000028bbcd10000, 0x0000028bbcf80000, 0x0000028bc4240000]
CodeHeap 'profiled nmethods': size=120000Kb used=4953Kb max_used=4953Kb free=115046Kb
 bounds [0x0000028bb57e0000, 0x0000028bb5cc0000, 0x0000028bbcd10000]
CodeHeap 'non-nmethods': size=5760Kb used=1333Kb max_used=1358Kb free=4426Kb
 bounds [0x0000028bb5240000, 0x0000028bb54b0000, 0x0000028bb57e0000]
 total_blobs=2894 nmethods=2377 adapters=429
 compilation: enabled
              stopped_count=0, restarted_count=0
 full_count=0

Compilation events (20 events):
Event: 43.306 Thread 0x0000028bd1126800 nmethod 2370 0x0000028bb5cb4390 code [0x0000028bb5cb4540, 0x0000028bb5cb4708]
Event: 43.306 Thread 0x0000028bd1126800 2372       3       org.apache.xmlbeans.impl.values.XmlObjectBase::_isComplexContent (17 bytes)
Event: 43.307 Thread 0x0000028bd1126800 nmethod 2372 0x0000028bb5cb4790 code [0x0000028bb5cb4920, 0x0000028bb5cb4a78]
Event: 43.307 Thread 0x0000028bd1126800 2373       3       org.apache.xmlbeans.impl.values.JavaStringHolder::compute_text (5 bytes)
Event: 43.307 Thread 0x0000028bd1126800 nmethod 2373 0x0000028bb5cb4b10 code [0x0000028bb5cb4ca0, 0x0000028bb5cb4d98]
Event: 43.307 Thread 0x0000028bd1126800 2374       1       org.apache.poi.xssf.usermodel.XSSFWorkbook::getMissingCellPolicy (5 bytes)
Event: 43.307 Thread 0x0000028bd1126800 nmethod 2374 0x0000028bbce29310 code [0x0000028bbce294a0, 0x0000028bbce29558]
Event: 43.307 Thread 0x0000028bd1126800 2369       1       java.util.TreeMap::size (5 bytes)
Event: 43.307 Thread 0x0000028bd1126800 nmethod 2369 0x0000028bbce29610 code [0x0000028bbce297a0, 0x0000028bbce29858]
Event: 43.344 Thread 0x0000028bd1107800 nmethod 2363 0x0000028bbce29910 code [0x0000028bbce29b60, 0x0000028bbce2ab98]
Event: 43.344 Thread 0x0000028bd1107800 2353       4       org.apache.xmlbeans.impl.store.Xobj::isElem (14 bytes)
Event: 43.345 Thread 0x0000028bd1107800 nmethod 2353 0x0000028bbce2ae10 code [0x0000028bbce2af80, 0x0000028bbce2aff8]
Event: 43.346 Thread 0x0000028bd1107800 2355       4       org.apache.xmlbeans.impl.store.Cur::moveTo (274 bytes)
Event: 43.364 Thread 0x0000028bd1107800 nmethod 2355 0x0000028bbce2b110 code [0x0000028bbce2b400, 0x0000028bbce2bc68]
Event: 5433.654 Thread 0x0000028bd1126800 2375   !   3       java.lang.ref.ReferenceQueue::remove (125 bytes)
Event: 5433.664 Thread 0x0000028bd1126800 nmethod 2375 0x0000028bb5cb4e10 code [0x0000028bb5cb5040, 0x0000028bb5cb5958]
Event: 5553.675 Thread 0x0000028bd1126800 2376   !   3       jdk.internal.ref.PhantomCleanable::isListEmpty (34 bytes)
Event: 5553.676 Thread 0x0000028bd1126800 nmethod 2376 0x0000028bb5cb5d10 code [0x0000028bb5cb5ec0, 0x0000028bb5cb61f8]
Event: 5553.676 Thread 0x0000028bd1126800 2377       3       jdk.internal.misc.InnocuousThread::eraseThreadLocals (23 bytes)
Event: 5553.677 Thread 0x0000028bd1126800 nmethod 2377 0x0000028bb5cb6310 code [0x0000028bb5cb64a0, 0x0000028bb5cb6698]

GC Heap History (8 events):
Event: 1.066 GC heap before
{Heap before GC invocations=0 (full 0):
 garbage-first heap   total 260096K, used 24576K [0x0000000702000000, 0x0000000800000000)
  region size 1024K, 23 young (23552K), 0 survivors (0K)
 Metaspace       used 13506K, capacity 13757K, committed 13952K, reserved 1062912K
  class space    used 1334K, capacity 1390K, committed 1408K, reserved 1048576K
}
Event: 1.070 GC heap after
{Heap after GC invocations=1 (full 0):
 garbage-first heap   total 260096K, used 6667K [0x0000000702000000, 0x0000000800000000)
  region size 1024K, 3 young (3072K), 3 survivors (3072K)
 Metaspace       used 13506K, capacity 13757K, committed 13952K, reserved 1062912K
  class space    used 1334K, capacity 1390K, committed 1408K, reserved 1048576K
}
Event: 1.590 GC heap before
{Heap before GC invocations=1 (full 0):
 garbage-first heap   total 260096K, used 33291K [0x0000000702000000, 0x0000000800000000)
  region size 1024K, 29 young (29696K), 3 survivors (3072K)
 Metaspace       used 19219K, capacity 19516K, committed 19840K, reserved 1067008K
  class space    used 1985K, capacity 2072K, committed 2176K, reserved 1048576K
}
Event: 1.595 GC heap after
{Heap after GC invocations=2 (full 0):
 garbage-first heap   total 260096K, used 9865K [0x0000000702000000, 0x0000000800000000)
  region size 1024K, 4 young (4096K), 4 survivors (4096K)
 Metaspace       used 19219K, capacity 19516K, committed 19840K, reserved 1067008K
  class space    used 1985K, capacity 2072K, committed 2176K, reserved 1048576K
}
Event: 1.764 GC heap before
{Heap before GC invocations=2 (full 0):
 garbage-first heap   total 260096K, used 17033K [0x0000000702000000, 0x0000000800000000)
  region size 1024K, 12 young (12288K), 4 survivors (4096K)
 Metaspace       used 20766K, capacity 21058K, committed 21248K, reserved 1069056K
  class space    used 2211K, capacity 2304K, committed 2304K, reserved 1048576K
}
Event: 1.767 GC heap after
{Heap after GC invocations=3 (full 0):
 garbage-first heap   total 260096K, used 10367K [0x0000000702000000, 0x0000000800000000)
  region size 1024K, 4 young (4096K), 4 survivors (4096K)
 Metaspace       used 20766K, capacity 21058K, committed 21248K, reserved 1069056K
  class space    used 2211K, capacity 2304K, committed 2304K, reserved 1048576K
}
Event: 32.978 GC heap before
{Heap before GC invocations=4 (full 0):
 garbage-first heap   total 40960K, used 40063K [0x0000000702000000, 0x0000000800000000)
  region size 1024K, 33 young (33792K), 4 survivors (4096K)
 Metaspace       used 27565K, capacity 27982K, committed 28160K, reserved 1075200K
  class space    used 3082K, capacity 3221K, committed 3328K, reserved 1048576K
}
Event: 32.993 GC heap after
{Heap after GC invocations=5 (full 0):
 garbage-first heap   total 48128K, used 13192K [0x0000000702000000, 0x0000000800000000)
  region size 1024K, 7 young (7168K), 7 survivors (7168K)
 Metaspace       used 27565K, capacity 27982K, committed 28160K, reserved 1075200K
  class space    used 3082K, capacity 3221K, committed 3328K, reserved 1048576K
}

Deoptimization events (20 events):
Event: 43.177 Thread 0x0000028bb15b7000 DEOPT PACKING pc=0x0000028bb5a5971a sp=0x000000b9381fce60
Event: 43.177 Thread 0x0000028bb15b7000 DEOPT UNPACKING pc=0x0000028bb528964e sp=0x000000b9381fc2f8 mode 1
Event: 43.177 Thread 0x0000028bb15b7000 DEOPT PACKING pc=0x0000028bb595c294 sp=0x000000b9381fcec0
Event: 43.177 Thread 0x0000028bb15b7000 DEOPT UNPACKING pc=0x0000028bb528964e sp=0x000000b9381fc380 mode 1
Event: 43.187 Thread 0x0000028bb15b7000 DEOPT PACKING pc=0x0000028bb5a5971a sp=0x000000b9381fcbf0
Event: 43.187 Thread 0x0000028bb15b7000 DEOPT UNPACKING pc=0x0000028bb528964e sp=0x000000b9381fc088 mode 1
Event: 43.187 Thread 0x0000028bb15b7000 DEOPT PACKING pc=0x0000028bb595c294 sp=0x000000b9381fcc50
Event: 43.187 Thread 0x0000028bb15b7000 DEOPT UNPACKING pc=0x0000028bb528964e sp=0x000000b9381fc110 mode 1
Event: 43.194 Thread 0x0000028bb15b7000 DEOPT PACKING pc=0x0000028bb5a5971a sp=0x000000b9381fcbf0
Event: 43.194 Thread 0x0000028bb15b7000 DEOPT UNPACKING pc=0x0000028bb528964e sp=0x000000b9381fc088 mode 1
Event: 43.194 Thread 0x0000028bb15b7000 DEOPT PACKING pc=0x0000028bb595c294 sp=0x000000b9381fcc50
Event: 43.194 Thread 0x0000028bb15b7000 DEOPT UNPACKING pc=0x0000028bb528964e sp=0x000000b9381fc110 mode 1
Event: 43.200 Thread 0x0000028bb15b7000 DEOPT PACKING pc=0x0000028bb5a5971a sp=0x000000b9381fd000
Event: 43.200 Thread 0x0000028bb15b7000 DEOPT UNPACKING pc=0x0000028bb528964e sp=0x000000b9381fc498 mode 1
Event: 43.200 Thread 0x0000028bb15b7000 DEOPT PACKING pc=0x0000028bb595c294 sp=0x000000b9381fd060
Event: 43.200 Thread 0x0000028bb15b7000 DEOPT UNPACKING pc=0x0000028bb528964e sp=0x000000b9381fc520 mode 1
Event: 43.213 Thread 0x0000028bb15b7000 DEOPT PACKING pc=0x0000028bb5a5971a sp=0x000000b9381fce50
Event: 43.213 Thread 0x0000028bb15b7000 DEOPT UNPACKING pc=0x0000028bb528964e sp=0x000000b9381fc2e8 mode 1
Event: 43.213 Thread 0x0000028bb15b7000 DEOPT PACKING pc=0x0000028bb595c294 sp=0x000000b9381fceb0
Event: 43.213 Thread 0x0000028bb15b7000 DEOPT UNPACKING pc=0x0000028bb528964e sp=0x000000b9381fc370 mode 1

Classes unloaded (0 events):
No events

Classes redefined (3 events):
Event: 5632.685 Thread 0x0000028bd10b8800 redefined class name=com.dollardays.testcases.CreateWishlistTestcase, count=1
Event: 6075.838 Thread 0x0000028bd10b8800 redefined class name=com.dollardays.testcases.CreateWishlistTestcase, count=2
Event: 6173.151 Thread 0x0000028bd10b8800 redefined class name=com.dollardays.testcases.CreateWishlistTestcase, count=3

Internal exceptions (20 events):
Event: 0.975 Thread 0x0000028bb15b7000 Exception <a 'java/lang/NoSuchMethodError'{0x0000000710a942c0}: 'int java.lang.invoke.DirectMethodHandle$Holder.invokeStaticInit(java.lang.Object, java.lang.Object, java.lang.Object)'> (0x0000000710a942c0) 
thrown [./open/src/hotspot/share/interpreter/linkResolver.cpp, line 766]
Event: 1.018 Thread 0x0000028bb15b7000 Exception <a 'java/lang/NoSuchMethodError'{0x0000000710801880}: 'java.lang.Object java.lang.invoke.DirectMethodHandle$Holder.invokeSpecial(java.lang.Object, java.lang.Object, java.lang.Object, java.lang.Object, java.lang.Object, java.lang.Object, java.lang.Object, java.lang.Object, java.lang.Object, java.lang.Object)'> (0x0000000710801880) 
thrown [./open/src/hotspot/share/interpreter/linkResolver.cpp, line 766]
Event: 1.019 Thread 0x0000028bb15b7000 Exception <a 'java/lang/NoSuchMethodError'{0x000000071080b280}: 'java.lang.Object java.lang.invoke.Invokers$Holder.linkToTargetMethod(java.lang.Object, java.lang.Object, java.lang.Object, java.lang.Object, java.lang.Object, java.lang.Object, java.lang.Object, java.lang.Object, java.lang.Object)'> (0x000000071080b280) 
thrown [./open/src/hotspot/share/interpreter/linkResolver.cpp, line 766]
Event: 1.030 Thread 0x0000028bb15b7000 Exception <a 'java/lang/NoSuchMethodError'{0x0000000710889518}: 'java.lang.Object java.lang.invoke.Invokers$Holder.linkToTargetMethod(java.lang.Object, java.lang.Object, java.lang.Object, java.lang.Object, java.lang.Object, java.lang.Object, java.lang.Object)'> (0x0000000710889518) 
thrown [./open/src/hotspot/share/interpreter/linkResolver.cpp, line 766]
Event: 1.031 Thread 0x0000028bb15b7000 Exception <a 'java/lang/NoSuchMethodError'{0x0000000710893450}: 'void java.lang.invoke.DirectMethodHandle$Holder.invokeStatic(java.lang.Object, java.lang.Object, java.lang.Object, java.lang.Object)'> (0x0000000710893450) 
thrown [./open/src/hotspot/share/interpreter/linkResolver.cpp, line 766]
Event: 1.054 Thread 0x0000028bb15b7000 Implicit null exception at 0x0000028bbcd3d715 to 0x0000028bbcd3df08
Event: 1.105 Thread 0x0000028bb15b7000 Exception <a 'java/lang/NoSuchMethodError'{0x0000000711b00188}: 'void java.lang.invoke.DirectMethodHandle$Holder.invokeInterface(java.lang.Object, java.lang.Object)'> (0x0000000711b00188) 
thrown [./open/src/hotspot/share/interpreter/linkResolver.cpp, line 766]
Event: 1.154 Thread 0x0000028bb15b7000 Exception <a 'java/lang/NoSuchMethodError'{0x00000007119bfbd8}: 'int java.lang.invoke.DirectMethodHandle$Holder.invokeSpecialIFC(java.lang.Object, java.lang.Object, int)'> (0x00000007119bfbd8) 
thrown [./open/src/hotspot/share/interpreter/linkResolver.cpp, line 766]
Event: 1.340 Thread 0x0000028bb15b7000 Implicit null exception at 0x0000028bbcd83758 to 0x0000028bbcd837ea
Event: 1.709 Thread 0x0000028bb15b7000 Exception <a 'java/lang/NoSuchMethodError'{0x00000007119a83a0}: 'int java.lang.invoke.DirectMethodHandle$Holder.invokeInterface(java.lang.Object, java.lang.Object)'> (0x00000007119a83a0) 
thrown [./open/src/hotspot/share/interpreter/linkResolver.cpp, line 766]
Event: 1.747 Thread 0x0000028bb15b7000 Exception <a 'java/net/SocketException'{0x00000007117c8020}: Socket is not connected: shutdown> (0x00000007117c8020) 
thrown [./open/src/hotspot/share/prims/jni.cpp, line 620]
Event: 1.885 Thread 0x0000028bb15b7000 Exception <a 'sun/nio/fs/WindowsException'{0x00000007040d33e0}> (0x00000007040d33e0) 
thrown [./open/src/hotspot/share/prims/jni.cpp, line 599]
Event: 1.896 Thread 0x0000028bb15b7000 Exception <a 'java/lang/NoSuchMethodError'{0x00000007040f37b8}: 'int java.lang.invoke.DirectMethodHandle$Holder.invokeStaticInit(java.lang.Object, java.lang.Object, java.lang.Object, java.lang.Object)'> (0x00000007040f37b8) 
thrown [./open/src/hotspot/share/interpreter/linkResolver.cpp, line 766]
Event: 1.896 Thread 0x0000028bb15b7000 Exception <a 'java/lang/IncompatibleClassChangeError'{0x00000007040fc1e0}: Found class java.lang.Object, but interface was expected> (0x00000007040fc1e0) 
thrown [./open/src/hotspot/share/interpreter/linkResolver.cpp, line 832]
Event: 1.897 Thread 0x0000028bb15b7000 Exception <a 'java/lang/NoSuchMethodError'{0x00000007040ff020}: 'void java.lang.invoke.DirectMethodHandle$Holder.invokeStaticInit(java.lang.Object, java.lang.Object)'> (0x00000007040ff020) 
thrown [./open/src/hotspot/share/interpreter/linkResolver.cpp, line 766]
Event: 2.673 Thread 0x0000028bd3e2b000 Exception <a 'java/net/SocketException'{0x000000070318d3e0}: Socket is not connected: shutdown> (0x000000070318d3e0) 
thrown [./open/src/hotspot/share/prims/jni.cpp, line 620]
Event: 2.899 Thread 0x0000028bd3d53000 Exception <a 'java/lang/NoSuchMethodError'{0x0000000703295200}: 'void java.lang.invoke.DirectMethodHandle$Holder.invokeStatic(java.lang.Object, long)'> (0x0000000703295200) 
thrown [./open/src/hotspot/share/interpreter/linkResolver.cpp, line 766]
Event: 2.902 Thread 0x0000028bd3d53000 Exception <a 'java/lang/NoSuchMethodError'{0x000000070329f350}: 'java.lang.Object java.lang.invoke.DirectMethodHandle$Holder.invokeStaticInit(java.lang.Object, java.lang.Object, long, java.lang.Object)'> (0x000000070329f350) 
thrown [./open/src/hotspot/share/interpreter/linkResolver.cpp, line 766]
Event: 2.902 Thread 0x0000028bd3d53000 Exception <a 'java/lang/NoSuchMethodError'{0x00000007032a4990}: 'java.lang.Object java.lang.invoke.Invokers$Holder.linkToTargetMethod(java.lang.Object, long, java.lang.Object)'> (0x00000007032a4990) 
thrown [./open/src/hotspot/share/interpreter/linkResolver.cpp, line 766]
Event: 3.190 Thread 0x0000028bd3e2b000 Exception <a 'java/net/SocketException'{0x000000070318e770}: Socket is not connected: shutdown> (0x000000070318e770) 
thrown [./open/src/hotspot/share/prims/jni.cpp, line 620]

Events (20 events):
Event: 6551.740 Executing VM operation: get/set locals
Event: 6551.740 Executing VM operation: get/set locals done
Event: 6557.246 Executing VM operation: GetCurrentContendedMonitor
Event: 6557.246 Executing VM operation: GetCurrentContendedMonitor done
Event: 6557.246 Executing VM operation: GetOwnedMonitorInfo
Event: 6557.246 Executing VM operation: GetOwnedMonitorInfo done
Event: 6559.365 Executing VM operation: GetCurrentContendedMonitor
Event: 6559.365 Executing VM operation: GetCurrentContendedMonitor done
Event: 6559.366 Executing VM operation: GetOwnedMonitorInfo
Event: 6559.366 Executing VM operation: GetOwnedMonitorInfo done
Event: 6575.373 Executing VM operation: GetCurrentContendedMonitor
Event: 6575.373 Executing VM operation: GetCurrentContendedMonitor done
Event: 6575.374 Executing VM operation: GetOwnedMonitorInfo
Event: 6575.374 Executing VM operation: GetOwnedMonitorInfo done
Event: 6575.479 Executing VM operation: GetCurrentContendedMonitor
Event: 6575.479 Executing VM operation: GetCurrentContendedMonitor done
Event: 6575.480 Executing VM operation: GetOwnedMonitorInfo
Event: 6575.480 Executing VM operation: GetOwnedMonitorInfo done
Event: 6592.274 Executing VM operation: GetFrameLocation
Event: 6592.274 Executing VM operation: GetFrameLocation done


Dynamic libraries:
0x00007ff681d10000 - 0x00007ff681d1d000 	C:\Users\sowmiya\.p2\pool\plugins\org.eclipse.justj.openjdk.hotspot.jre.full.win32.x86_64_14.0.2.v20200815-0932\jre\bin\javaw.exe
0x00007ffbe5dd0000 - 0x00007ffbe5fc6000 	C:\WINDOWS\SYSTEM32\ntdll.dll
0x00007ffbe4720000 - 0x00007ffbe47dd000 	C:\WINDOWS\System32\KERNEL32.DLL
0x00007ffbe37a0000 - 0x00007ffbe3a69000 	C:\WINDOWS\System32\KERNELBASE.dll
0x00007ffbe3d30000 - 0x00007ffbe3e30000 	C:\WINDOWS\System32\ucrtbase.dll
0x00007ffbd41d0000 - 0x00007ffbd41e8000 	C:\Users\sowmiya\.p2\pool\plugins\org.eclipse.justj.openjdk.hotspot.jre.full.win32.x86_64_14.0.2.v20200815-0932\jre\bin\jli.dll
0x00007ffbe49a0000 - 0x00007ffbe4b40000 	C:\WINDOWS\System32\USER32.dll
0x00007ffbe3510000 - 0x00007ffbe3532000 	C:\WINDOWS\System32\win32u.dll
0x00007ffbe5a70000 - 0x00007ffbe5a9a000 	C:\WINDOWS\System32\GDI32.dll
0x00007ffbe35e0000 - 0x00007ffbe36e9000 	C:\WINDOWS\System32\gdi32full.dll
0x00007ffbe3540000 - 0x00007ffbe35dd000 	C:\WINDOWS\System32\msvcp_win.dll
0x00007ffbd3670000 - 0x00007ffbd3685000 	C:\Users\sowmiya\.p2\pool\plugins\org.eclipse.justj.openjdk.hotspot.jre.full.win32.x86_64_14.0.2.v20200815-0932\jre\bin\VCRUNTIME140.dll
0x00007ffbcb6f0000 - 0x00007ffbcb98b000 	C:\WINDOWS\WinSxS\amd64_microsoft.windows.common-controls_6595b64144ccf1df_6.0.19041.488_none_ca04af081b815d21\COMCTL32.dll
0x00007ffbe5b40000 - 0x00007ffbe5bde000 	C:\WINDOWS\System32\msvcrt.dll
0x00007ffbe5990000 - 0x00007ffbe59c0000 	C:\WINDOWS\System32\IMM32.DLL
0x00007ffbe4800000 - 0x00007ffbe492b000 	C:\WINDOWS\System32\RPCRT4.dll
0x00007ffbe59c0000 - 0x00007ffbe5a6c000 	C:\WINDOWS\System32\ADVAPI32.dll
0x00007ffbe5aa0000 - 0x00007ffbe5b3c000 	C:\WINDOWS\System32\sechost.dll
0x00007ffbe3e90000 - 0x00007ffbe45d2000 	C:\WINDOWS\System32\SHELL32.dll
0x00007ffbe4e70000 - 0x00007ffbe51c6000 	C:\WINDOWS\System32\combase.dll
0x00007ffbe5740000 - 0x00007ffbe5795000 	C:\WINDOWS\System32\SHLWAPI.dll
0x00007ffbe2370000 - 0x00007ffbe23a3000 	C:\WINDOWS\SYSTEM32\ntmarta.dll
0x00007ffbe33c0000 - 0x00007ffbe33fc000 	C:\WINDOWS\SYSTEM32\SspiCli.dll
0x00007ffbe1640000 - 0x00007ffbe1dd5000 	C:\WINDOWS\SYSTEM32\windows.storage.dll
0x00007ffbe2f80000 - 0x00007ffbe2fac000 	C:\WINDOWS\SYSTEM32\Wldp.dll
0x00007ffbe58d0000 - 0x00007ffbe597e000 	C:\WINDOWS\System32\SHCORE.dll
0x00007ffb91d10000 - 0x00007ffb91dab000 	C:\Users\sowmiya\.p2\pool\plugins\org.eclipse.justj.openjdk.hotspot.jre.full.win32.x86_64_14.0.2.v20200815-0932\jre\bin\msvcp140.dll
0x00007ffb792b0000 - 0x00007ffb79dce000 	C:\Users\sowmiya\.p2\pool\plugins\org.eclipse.justj.openjdk.hotspot.jre.full.win32.x86_64_14.0.2.v20200815-0932\jre\bin\server\jvm.dll
0x00007ffbe5980000 - 0x00007ffbe5988000 	C:\WINDOWS\System32\PSAPI.DLL
0x00007ffbc5100000 - 0x00007ffbc5109000 	C:\WINDOWS\SYSTEM32\WSOCK32.dll
0x00007ffbe5260000 - 0x00007ffbe52cb000 	C:\WINDOWS\System32\WS2_32.dll
0x00007ffbd3bc0000 - 0x00007ffbd3be7000 	C:\WINDOWS\SYSTEM32\WINMM.dll
0x00007ffbd0000000 - 0x00007ffbd000a000 	C:\WINDOWS\SYSTEM32\VERSION.dll
0x00007ffbe1df0000 - 0x00007ffbe1e02000 	C:\WINDOWS\SYSTEM32\kernel.appcore.dll
0x00007ffbde2d0000 - 0x00007ffbde2da000 	C:\Users\sowmiya\.p2\pool\plugins\org.eclipse.justj.openjdk.hotspot.jre.full.win32.x86_64_14.0.2.v20200815-0932\jre\bin\jimage.dll
0x00007ffbe1190000 - 0x00007ffbe1374000 	C:\WINDOWS\SYSTEM32\DBGHELP.DLL
0x00007ffbda740000 - 0x00007ffbda76c000 	C:\WINDOWS\SYSTEM32\dbgcore.DLL
0x00007ffbe3af0000 - 0x00007ffbe3b70000 	C:\WINDOWS\System32\bcryptPrimitives.dll
0x00007ffbc1790000 - 0x00007ffbc17c8000 	C:\Users\sowmiya\.p2\pool\plugins\org.eclipse.justj.openjdk.hotspot.jre.full.win32.x86_64_14.0.2.v20200815-0932\jre\bin\jdwp.dll
0x00007ffbd3300000 - 0x00007ffbd3325000 	C:\Users\sowmiya\.p2\pool\plugins\org.eclipse.justj.openjdk.hotspot.jre.full.win32.x86_64_14.0.2.v20200815-0932\jre\bin\java.dll
0x00007ffbdbff0000 - 0x00007ffbdc006000 	C:\Users\sowmiya\.p2\pool\plugins\org.eclipse.justj.openjdk.hotspot.jre.full.win32.x86_64_14.0.2.v20200815-0932\jre\bin\zip.dll
0x00007ffbe3440000 - 0x00007ffbe3466000 	C:\WINDOWS\SYSTEM32\profapi.dll
0x00007ffbdb860000 - 0x00007ffbdb86b000 	C:\Users\sowmiya\.p2\pool\plugins\org.eclipse.justj.openjdk.hotspot.jre.full.win32.x86_64_14.0.2.v20200815-0932\jre\bin\dt_socket.dll
0x00007ffbe29a0000 - 0x00007ffbe29db000 	C:\WINDOWS\SYSTEM32\IPHLPAPI.DLL
0x00007ffbe2d00000 - 0x00007ffbe2d6a000 	C:\WINDOWS\system32\mswsock.dll
0x00007ffbe29e0000 - 0x00007ffbe2aab000 	C:\WINDOWS\SYSTEM32\DNSAPI.dll
0x00007ffbe4990000 - 0x00007ffbe4998000 	C:\WINDOWS\System32\NSI.dll
0x00007ffbd3220000 - 0x00007ffbd322a000 	C:\Windows\System32\rasadhlp.dll
0x00007ffbd3760000 - 0x00007ffbd37df000 	C:\WINDOWS\System32\fwpuclnt.dll
0x00007ffbe3ac0000 - 0x00007ffbe3ae7000 	C:\WINDOWS\System32\bcrypt.dll
0x00007ffbda9e0000 - 0x00007ffbda9f9000 	C:\Users\sowmiya\.p2\pool\plugins\org.eclipse.justj.openjdk.hotspot.jre.full.win32.x86_64_14.0.2.v20200815-0932\jre\bin\net.dll
0x00007ffbdcc20000 - 0x00007ffbdcd20000 	C:\WINDOWS\SYSTEM32\WINHTTP.dll
0x00007ffbd9a70000 - 0x00007ffbd9a82000 	C:\Users\sowmiya\.p2\pool\plugins\org.eclipse.justj.openjdk.hotspot.jre.full.win32.x86_64_14.0.2.v20200815-0932\jre\bin\nio.dll
0x00007ffbde250000 - 0x00007ffbde260000 	C:\Users\sowmiya\.p2\pool\plugins\org.eclipse.justj.openjdk.hotspot.jre.full.win32.x86_64_14.0.2.v20200815-0932\jre\bin\verify.dll
0x00007ffbe2ed0000 - 0x00007ffbe2ee8000 	C:\WINDOWS\SYSTEM32\CRYPTSP.dll
0x00007ffbe2620000 - 0x00007ffbe2654000 	C:\WINDOWS\system32\rsaenh.dll
0x00007ffbe3400000 - 0x00007ffbe342e000 	C:\WINDOWS\SYSTEM32\USERENV.dll
0x00007ffbe2ef0000 - 0x00007ffbe2efc000 	C:\WINDOWS\SYSTEM32\CRYPTBASE.dll
0x00007ffbd9c20000 - 0x00007ffbd9c37000 	C:\WINDOWS\SYSTEM32\dhcpcsvc6.DLL
0x00007ffbd9ee0000 - 0x00007ffbd9efd000 	C:\WINDOWS\SYSTEM32\dhcpcsvc.DLL
0x00007ffbd47e0000 - 0x00007ffbd47ee000 	C:\Users\sowmiya\.p2\pool\plugins\org.eclipse.justj.openjdk.hotspot.jre.full.win32.x86_64_14.0.2.v20200815-0932\jre\bin\sunmscapi.dll
0x00007ffbe3bd0000 - 0x00007ffbe3d2d000 	C:\WINDOWS\System32\CRYPT32.dll
0x00007ffbe2ff0000 - 0x00007ffbe3017000 	C:\WINDOWS\SYSTEM32\ncrypt.dll
0x00007ffbe2fb0000 - 0x00007ffbe2feb000 	C:\WINDOWS\SYSTEM32\NTASN1.dll
0x00007ffbcb460000 - 0x00007ffbcb485000 	C:\Users\sowmiya\.p2\pool\plugins\org.eclipse.justj.openjdk.hotspot.jre.full.win32.x86_64_14.0.2.v20200815-0932\jre\bin\sunec.dll

dbghelp: loaded successfully - version: 4.0.5 - missing functions: none
symbol engine: initialized successfully - sym options: 0x614 - pdb path: .;C:\Users\sowmiya\.p2\pool\plugins\org.eclipse.justj.openjdk.hotspot.jre.full.win32.x86_64_14.0.2.v20200815-0932\jre\bin;C:\WINDOWS\SYSTEM32;C:\WINDOWS\WinSxS\amd64_microsoft.windows.common-controls_6595b64144ccf1df_6.0.19041.488_none_ca04af081b815d21;C:\Users\sowmiya\.p2\pool\plugins\org.eclipse.justj.openjdk.hotspot.jre.full.win32.x86_64_14.0.2.v20200815-0932\jre\bin\server

VM Arguments:
jvm_args: -XX:+ShowCodeDetailsInExceptionMessages -agentlib:jdwp=transport=dt_socket,suspend=y,address=localhost:61142 -ea -Dfile.encoding=Cp1252 
java_command: org.testng.remote.RemoteTestNG -serport 61131 -protocol json -d C:\Users\sowmiya\Desktop\Testing materials and assignments\PROJECT DETAILS AND VIDEOS\Team2_TaxExempt-master\Team2_TaxExempt-master\test-output C:\Users\sowmiya\AppData\Local\Temp\testng-eclipse--838131854\testng-customsuite.xml
java_class_path (initial): C:\Users\sowmiya\eclipse\java-2020-09\eclipse\configuration\org.eclipse.osgi\431\0\.cp\lib\testng-remote.jar;C:\Users\sowmiya\Desktop\Testing materials and assignments\PROJECT DETAILS AND VIDEOS\Team2_TaxExempt-master\Team2_TaxExempt-master\target\test-classes;C:\Users\sowmiya\Desktop\Testing materials and assignments\PROJECT DETAILS AND VIDEOS\Team2_TaxExempt-master\Team2_TaxExempt-master\target\classes;C:\Users\sowmiya\.p2\pool\plugins\org.testng_7.3.0.r202008060316.jar;C:\Users\sowmiya\.p2\pool\plugins\com.beust.jcommander_1.78.0.jar;C:\Users\sowmiya\.p2\pool\plugins\org.apache-extras.beanshell.bsh_2.0.0.b6.jar;C:\Users\sowmiya\.p2\pool\plugins\org.yaml.snakeyaml_1.21.0.jar;C:\Users\sowmiya\.m2\repository\javax\xml\jaxb-impl\2.1\jaxb-impl-2.1.jar;C:\Users\sowmiya\.m2\repository\com\aventstack\extentreports\4.1.3\extentreports-4.1.3.jar;C:\Users\sowmiya\.m2\repository\org\freemarker\freemarker\2.3.29\freemarker-2.3.29.jar;C:\Users\sowmiya\.m2\repository\org\apache\httpcomponents\httpclient\4.5.2\httpclient-4.5.2.jar;C:\Users\sowmiya\.m2\repository\org\apache\httpcomponents\httpcore\4.4.4\httpcore-4.4.4.jar;C:\Users\sowmiya\.m2\repository\commons-logging\commons-logging\1.2\commons-logging-1.2.jar;C:\Users\sowmiya\.m2\repository\org\apache\httpcomponents\httpmime\4.5.2\httpmime-4.5.2.jar;C:\Users\sowmiya\.m2\repository\com\google\code\gson\gson\2.8.6\gson-2.8.6.jar;C:\Users\sowmiya\.m2\repository\org\mongodb\mongodb-driver\3.12.0\mongodb-driver-3.12.0.jar;C:\Users\sowmiya\.m2\repository\org\mongodb\mongodb-driver-core\3.12.0\mongodb-driver-core-3.12.0.jar;C:\Users\sowmiya\.m2\repository\org\mongodb\bson\3.12.0\bson-3.12.0.jar;C:\Users\sowmiya\.m2\repository\com\github\stephenc\monte\monte-screen-recorder\0.7.7.0\monte-screen-recorder-0.7.7.0.jar;C:\Users\sowmiya\.m2\repository\com\relevantcodes\extentreports\2.41.2\extentreports-2.41.2.jar;C:\Users\sowmiya\.m2\repository\org\jsoup\jsoup\1.8.3\jsoup-1.8.3.jar;C:\Users\sowmiya\.m2\reposit
Launcher Type: SUN_STANDARD

[Global flags]
     intx CICompilerCount                          = 4                                         {product} {ergonomic}
     uint ConcGCThreads                            = 2                                         {product} {ergonomic}
     uint G1ConcRefinementThreads                  = 8                                         {product} {ergonomic}
   size_t G1HeapRegionSize                         = 1048576                                   {product} {ergonomic}
    uintx GCDrainStackTargetSize                   = 64                                        {product} {ergonomic}
   size_t InitialHeapSize                          = 266338304                                 {product} {ergonomic}
   size_t MarkStackSize                            = 4194304                                   {product} {ergonomic}
   size_t MaxHeapSize                              = 4261412864                                {product} {ergonomic}
   size_t MaxNewSize                               = 2556428288                                {product} {ergonomic}
   size_t MinHeapDeltaBytes                        = 1048576                                   {product} {ergonomic}
   size_t MinHeapSize                              = 8388608                                   {product} {ergonomic}
    uintx NonNMethodCodeHeapSize                   = 5839372                                {pd product} {ergonomic}
    uintx NonProfiledCodeHeapSize                  = 122909434                              {pd product} {ergonomic}
    uintx ProfiledCodeHeapSize                     = 122909434                              {pd product} {ergonomic}
    uintx ReservedCodeCacheSize                    = 251658240                              {pd product} {ergonomic}
     bool SegmentedCodeCache                       = true                                      {product} {ergonomic}
     bool ShowCodeDetailsInExceptionMessages       = true                                   {manageable} {command line}
   size_t SoftMaxHeapSize                          = 4261412864                             {manageable} {ergonomic}
     bool UseCompressedClassPointers               = true                                 {lp64_product} {ergonomic}
     bool UseCompressedOops                        = true                                 {lp64_product} {ergonomic}
     bool UseG1GC                                  = true                                      {product} {ergonomic}
     bool UseLargePagesIndividualAllocation        = false                                  {pd product} {ergonomic}

Logging:
Log output configuration:
 #0: stdout all=warning uptime,level,tags
 #1: stderr all=off uptime,level,tags

Environment Variables:
PATH=C:\Users\sowmiya\.p2\pool\plugins\org.eclipse.justj.openjdk.hotspot.jre.full.win32.x86_64_14.0.2.v20200815-0932\jre\bin;C:/Users/sowmiya/.p2/pool/plugins/org.eclipse.justj.openjdk.hotspot.jre.full.win32.x86_64_14.0.2.v20200815-0932/jre/bin/server;C:/Users/sowmiya/.p2/pool/plugins/org.eclipse.justj.openjdk.hotspot.jre.full.win32.x86_64_14.0.2.v20200815-0932/jre/bin;C:\Program Files (x86)\Common Files\Oracle\Java\javapath;C:\Program Files (x86)\Intel\Intel(R) Management Engine Components\iCLS\;C:\Program Files\Intel\Intel(R) Management Engine Components\iCLS\;C:\Windows\system32;C:\Windows;C:\Windows\System32\Wbem;C:\Windows\System32\WindowsPowerShell\v1.0\;C:\Windows\System32\OpenSSH\;C:\Program Files (x86)\Intel\Intel(R) Management Engine Components\DAL;C:\Program Files\Intel\Intel(R) Management Engine Components\DAL;C:\Program Files (x86)\Intel\Intel(R) Management Engine Components\IPT;C:\Program Files\Intel\Intel(R) Management Engine Components\IPT;C:\Program Files (x86)\NVIDIA Corporation\PhysX\Common;C:\WINDOWS\system32;C:\WINDOWS;C:\WINDOWS\System32\Wbem;C:\WINDOWS\System32\WindowsPowerShell\v1.0\;C:\WINDOWS\System32\OpenSSH\;C:\Program Files (x86)\QuickTime\QTSystem\;C:\Users\sowmiya\AppData\Roaming\Microsoft\Windows\Start Menu\Programs\Python 3.8;C:\Program Files\Git\cmd;C:\Users\sowmiya\Desktop\Testing materials and assignments\Automation driver\apache-maven-3.6.3\bin;C:\Program Files\MySQL\MySQL Shell 8.0\bin\;C:\Users\sowmiya\AppData\Local\Microsoft\WindowsApps;;C:\WINDOWS\system32;
USERNAME=sowmiya
OS=Windows_NT
PROCESSOR_IDENTIFIER=Intel64 Family 6 Model 142 Stepping 10, GenuineIntel



---------------  S Y S T E M  ---------------

OS: Windows 10 , 64 bit Build 19041 (10.0.19041.662)
OS uptime: 19 days 17:09 hours

CPU:total 8 (initial active 8) (4 cores per cpu, 2 threads per core) family 6 model 142 stepping 10, cmov, cx8, fxsr, mmx, sse, sse2, sse3, ssse3, sse4.1, sse4.2, popcnt, avx, avx2, aes, clmul, erms, 3dnowpref, lzcnt, ht, tsc, tscinvbit, bmi1, bmi2, adx, fma

Memory: 4k page, system-wide physical 16250M (4167M free)
TotalPageFile size 27577M (AvailPageFile size 4435M)
current process WorkingSet (physical memory assigned to process): 68M, peak: 127M
current process commit charge ("private bytes"): 162M, peak: 379M

vm_info: OpenJDK 64-Bit Server VM (14.0.2+12-46) for windows-amd64 JRE (14.0.2+12-46), built on Jul  9 2020 00:31:16 by "mach5one" with MS VC++ 15.9 (VS2017)

END.
